{"level":30,"time":1701076005650,"pid":29328,"hostname":"DESKTOP-STI39UV","msg":"Validating config file and environment variables"}
{"level":30,"time":1701076006564,"pid":29328,"hostname":"DESKTOP-STI39UV","msg":"Loading commands..."}
{"level":20,"time":1701076009480,"pid":29328,"hostname":"DESKTOP-STI39UV","msg":"Skipping slash command avatar. Disabled!"}
{"level":20,"time":1701076009490,"pid":29328,"hostname":"DESKTOP-STI39UV","msg":"Skipping slash command botinvite. Disabled!"}
{"level":20,"time":1701076012398,"pid":29328,"hostname":"DESKTOP-STI39UV","msg":"Skipping slash command botstats. Disabled!"}
{"level":20,"time":1701076012483,"pid":29328,"hostname":"DESKTOP-STI39UV","msg":"Skipping slash command channelinfo. Disabled!"}
{"level":20,"time":1701076012538,"pid":29328,"hostname":"DESKTOP-STI39UV","msg":"Skipping slash command emojiinfo. Disabled!"}
{"level":20,"time":1701076012572,"pid":29328,"hostname":"DESKTOP-STI39UV","msg":"Skipping slash command guildinfo. Disabled!"}
{"level":20,"time":1701076012580,"pid":29328,"hostname":"DESKTOP-STI39UV","msg":"Skipping slash command uptime. Disabled!"}
{"level":20,"time":1701076012588,"pid":29328,"hostname":"DESKTOP-STI39UV","msg":"Skipping slash command userinfo. Disabled!"}
{"level":20,"time":1701076012641,"pid":29328,"hostname":"DESKTOP-STI39UV","msg":"Skipping command bot. Disabled!"}
{"level":20,"time":1701076012772,"pid":29328,"hostname":"DESKTOP-STI39UV","msg":"Skipping command info. Disabled!"}
{"level":20,"time":1701076013139,"pid":29328,"hostname":"DESKTOP-STI39UV","msg":"Skipping slash command deafen. Disabled!"}
{"level":20,"time":1701076013154,"pid":29328,"hostname":"DESKTOP-STI39UV","msg":"Skipping slash command disconnect. Disabled!"}
{"level":20,"time":1701076013165,"pid":29328,"hostname":"DESKTOP-STI39UV","msg":"Skipping slash command move. Disabled!"}
{"level":20,"time":1701076013167,"pid":29328,"hostname":"DESKTOP-STI39UV","msg":"Skipping slash command purge. Disabled!"}
{"level":20,"time":1701076013173,"pid":29328,"hostname":"DESKTOP-STI39UV","msg":"Skipping slash command purgeattach. Disabled!"}
{"level":20,"time":1701076013591,"pid":29328,"hostname":"DESKTOP-STI39UV","msg":"Skipping slash command purgebots. Disabled!"}
{"level":20,"time":1701076013606,"pid":29328,"hostname":"DESKTOP-STI39UV","msg":"Skipping slash command purgelinks. Disabled!"}
{"level":20,"time":1701076013609,"pid":29328,"hostname":"DESKTOP-STI39UV","msg":"Skipping slash command purgetoken. Disabled!"}
{"level":20,"time":1701076013621,"pid":29328,"hostname":"DESKTOP-STI39UV","msg":"Skipping slash command purgeuser. Disabled!"}
{"level":20,"time":1701076013626,"pid":29328,"hostname":"DESKTOP-STI39UV","msg":"Skipping slash command undeafen. Disabled!"}
{"level":20,"time":1701076013640,"pid":29328,"hostname":"DESKTOP-STI39UV","msg":"Skipping slash command vmute. Disabled!"}
{"level":20,"time":1701076013652,"pid":29328,"hostname":"DESKTOP-STI39UV","msg":"Skipping slash command vunmute. Disabled!"}
{"level":20,"time":1701076013726,"pid":29328,"hostname":"DESKTOP-STI39UV","msg":"Skipping command purge. Disabled!"}
{"level":20,"time":1701076013762,"pid":29328,"hostname":"DESKTOP-STI39UV","msg":"Skipping command voice. Disabled!"}
{"level":20,"time":1701076014086,"pid":29328,"hostname":"DESKTOP-STI39UV","msg":"Skipping slash command eval. Disabled!"}
{"level":20,"time":1701076014089,"pid":29328,"hostname":"DESKTOP-STI39UV","msg":"Skipping slash command leaveserver. Disabled!"}
{"level":20,"time":1701076014092,"pid":29328,"hostname":"DESKTOP-STI39UV","msg":"Skipping slash command listservers. Disabled!"}
{"level":20,"time":1701076014117,"pid":29328,"hostname":"DESKTOP-STI39UV","msg":"Skipping slash command restart. Disabled!"}
{"level":30,"time":1701076014606,"pid":29328,"hostname":"DESKTOP-STI39UV","msg":"Loaded 89 commands"}
{"level":30,"time":1701076014606,"pid":29328,"hostname":"DESKTOP-STI39UV","msg":"Loaded 69 slash commands"}
{"level":30,"time":1701076014607,"pid":29328,"hostname":"DESKTOP-STI39UV","msg":"Loading contexts..."}
{"level":30,"time":1701076014637,"pid":29328,"hostname":"DESKTOP-STI39UV","msg":"Loaded 0 USER contexts"}
{"level":30,"time":1701076014637,"pid":29328,"hostname":"DESKTOP-STI39UV","msg":"Loaded 0 MESSAGE contexts"}
{"level":30,"time":1701076014638,"pid":29328,"hostname":"DESKTOP-STI39UV","msg":"Loading events..."}
{"level":30,"time":1701076015387,"pid":29328,"hostname":"DESKTOP-STI39UV","msg":"Loaded 15 events. Success (15) Failed (0)"}
{"level":30,"time":1701076016792,"pid":29328,"hostname":"DESKTOP-STI39UV","msg":"VersionCheck: Your discord bot is up to date"}
{"level":30,"time":1701076016794,"pid":29328,"hostname":"DESKTOP-STI39UV","msg":"Connecting to MongoDb..."}
{"level":30,"time":1701076017824,"pid":29328,"hostname":"DESKTOP-STI39UV","msg":"Mongoose: Database connection established"}
{"level":30,"time":1701076020543,"pid":29328,"hostname":"DESKTOP-STI39UV","msg":"Logged in as Haruka TESTER#6563! (854172168836481084)"}
{"level":20,"time":1701076020552,"pid":29328,"hostname":"DESKTOP-STI39UV","msg":"Node \"Haruka Music\" debug: connection: creating websocket..."}
{"level":30,"time":1701076020557,"pid":29328,"hostname":"DESKTOP-STI39UV","msg":"Music Manager initialized"}
{"level":30,"time":1701076020557,"pid":29328,"hostname":"DESKTOP-STI39UV","msg":"Initializing giveaways manager..."}
{"level":30,"time":1701076020736,"pid":29328,"hostname":"DESKTOP-STI39UV","msg":"Giveaway Manager initialized"}
{"level":30,"time":1701076021211,"pid":29328,"hostname":"DESKTOP-STI39UV","msg":"Node \"Haruka Music\" connected"}
{"level":20,"time":1701076021212,"pid":29328,"hostname":"DESKTOP-STI39UV","msg":"Node \"Haruka Music\" debug: connection: connected in 655ms"}
{"level":20,"time":1701076021219,"pid":29328,"hostname":"DESKTOP-STI39UV","msg":"Node \"Haruka Music\" debug: connection: lavaclient <<< ready: {\"resumed\":false,\"sessionId\":\"961f4gk2v48lk12g\",\"op\":\"ready\"}"}
{"level":20,"time":1701076021220,"pid":29328,"hostname":"DESKTOP-STI39UV","msg":"Node \"Haruka Music\" debug: connection: lavaclient <<< stats: {\"players\":2046,\"playingPlayers\":29,\"uptime\":840174204,\"memory\":{\"free\":1112893176,\"used\":1277860104,\"allocated\":2390753280,\"reservable\":6442450944},\"cpu\":{\"cores\":8,\"systemLoad\":0.0,\"lavalinkLoad\":0.10416666666666667},\"op\":\"stats\"}"}
{"level":30,"time":1701076021621,"pid":29328,"hostname":"DESKTOP-STI39UV","msg":"Successfully registered interactions"}
{"level":20,"time":1701076081932,"pid":29328,"hostname":"DESKTOP-STI39UV","msg":"Node \"Haruka Music\" debug: connection: lavaclient <<< stats: {\"players\":2047,\"playingPlayers\":30,\"uptime\":840234203,\"memory\":{\"free\":1379134416,\"used\":1011618864,\"allocated\":2390753280,\"reservable\":6442450944},\"cpu\":{\"cores\":8,\"systemLoad\":0.0,\"lavalinkLoad\":0.10869565217391304},\"op\":\"stats\"}"}
{"level":20,"time":1701076141204,"pid":29328,"hostname":"DESKTOP-STI39UV","msg":"Node \"Haruka Music\" debug: connection: lavaclient <<< stats: {\"players\":2050,\"playingPlayers\":33,\"uptime\":840294203,\"memory\":{\"free\":863449720,\"used\":1527303560,\"allocated\":2390753280,\"reservable\":6442450944},\"cpu\":{\"cores\":8,\"systemLoad\":0.0,\"lavalinkLoad\":0.3191489361702128},\"op\":\"stats\"}"}
{"level":20,"time":1701076201206,"pid":29328,"hostname":"DESKTOP-STI39UV","msg":"Node \"Haruka Music\" debug: connection: lavaclient <<< stats: {\"players\":2050,\"playingPlayers\":34,\"uptime\":840354204,\"memory\":{\"free\":144928952,\"used\":2245824328,\"allocated\":2390753280,\"reservable\":6442450944},\"cpu\":{\"cores\":8,\"systemLoad\":0.0,\"lavalinkLoad\":0.13020833333333334},\"op\":\"stats\"}"}
{"level":20,"time":1701076261218,"pid":29328,"hostname":"DESKTOP-STI39UV","msg":"Node \"Haruka Music\" debug: connection: lavaclient <<< stats: {\"players\":2001,\"playingPlayers\":35,\"uptime\":840414203,\"memory\":{\"free\":971027032,\"used\":1419726248,\"allocated\":2390753280,\"reservable\":6442450944},\"cpu\":{\"cores\":8,\"systemLoad\":0.0,\"lavalinkLoad\":0.10638297872340426},\"op\":\"stats\"}"}
{"level":20,"time":1701076321206,"pid":29328,"hostname":"DESKTOP-STI39UV","msg":"Node \"Haruka Music\" debug: connection: lavaclient <<< stats: {\"players\":2000,\"playingPlayers\":33,\"uptime\":840474204,\"memory\":{\"free\":158615248,\"used\":2232138032,\"allocated\":2390753280,\"reservable\":6442450944},\"cpu\":{\"cores\":8,\"systemLoad\":0.0,\"lavalinkLoad\":0.0797872340425532},\"op\":\"stats\"}"}
{"level":20,"time":1701076381209,"pid":29328,"hostname":"DESKTOP-STI39UV","msg":"Node \"Haruka Music\" debug: connection: lavaclient <<< stats: {\"players\":1998,\"playingPlayers\":33,\"uptime\":840534203,\"memory\":{\"free\":647171288,\"used\":1743581992,\"allocated\":2390753280,\"reservable\":6442450944},\"cpu\":{\"cores\":8,\"systemLoad\":0.0,\"lavalinkLoad\":0.08152173913043478},\"op\":\"stats\"}"}
{"level":20,"time":1701076441208,"pid":29328,"hostname":"DESKTOP-STI39UV","msg":"Node \"Haruka Music\" debug: connection: lavaclient <<< stats: {\"players\":2050,\"playingPlayers\":35,\"uptime\":840594203,\"memory\":{\"free\":875680576,\"used\":1515072704,\"allocated\":2390753280,\"reservable\":6442450944},\"cpu\":{\"cores\":8,\"systemLoad\":0.0,\"lavalinkLoad\":0.16304347826086957},\"op\":\"stats\"}"}
{"level":20,"time":1701076501205,"pid":29328,"hostname":"DESKTOP-STI39UV","msg":"Node \"Haruka Music\" debug: connection: lavaclient <<< stats: {\"players\":2051,\"playingPlayers\":35,\"uptime\":840654203,\"memory\":{\"free\":1373020920,\"used\":1017732360,\"allocated\":2390753280,\"reservable\":6442450944},\"cpu\":{\"cores\":8,\"systemLoad\":0.0,\"lavalinkLoad\":0.2127659574468085},\"op\":\"stats\"}"}
{"level":20,"time":1701076561206,"pid":29328,"hostname":"DESKTOP-STI39UV","msg":"Node \"Haruka Music\" debug: connection: lavaclient <<< stats: {\"players\":2002,\"playingPlayers\":33,\"uptime\":840714204,\"memory\":{\"free\":928108080,\"used\":1462645200,\"allocated\":2390753280,\"reservable\":6442450944},\"cpu\":{\"cores\":8,\"systemLoad\":0.0,\"lavalinkLoad\":0.0797872340425532},\"op\":\"stats\"}"}
{"level":20,"time":1701076621243,"pid":29328,"hostname":"DESKTOP-STI39UV","msg":"Node \"Haruka Music\" debug: connection: lavaclient <<< stats: {\"players\":2000,\"playingPlayers\":32,\"uptime\":840774205,\"memory\":{\"free\":533288064,\"used\":1857465216,\"allocated\":2390753280,\"reservable\":6442450944},\"cpu\":{\"cores\":8,\"systemLoad\":0.0,\"lavalinkLoad\":0.12755102040816327},\"op\":\"stats\"}"}
{"level":20,"time":1701076681204,"pid":29328,"hostname":"DESKTOP-STI39UV","msg":"Node \"Haruka Music\" debug: connection: lavaclient <<< stats: {\"players\":2049,\"playingPlayers\":28,\"uptime\":840834204,\"memory\":{\"free\":747496352,\"used\":1643256928,\"allocated\":2390753280,\"reservable\":6442450944},\"cpu\":{\"cores\":8,\"systemLoad\":0.0,\"lavalinkLoad\":0.10416666666666667},\"op\":\"stats\"}"}
{"level":20,"time":1701076741365,"pid":29328,"hostname":"DESKTOP-STI39UV","msg":"Node \"Haruka Music\" debug: connection: lavaclient <<< stats: {\"players\":2045,\"playingPlayers\":28,\"uptime\":840894204,\"memory\":{\"free\":932449584,\"used\":1458303696,\"allocated\":2390753280,\"reservable\":6442450944},\"cpu\":{\"cores\":8,\"systemLoad\":0.0,\"lavalinkLoad\":0.10869565217391304},\"op\":\"stats\"}"}
{"level":20,"time":1701076801212,"pid":29328,"hostname":"DESKTOP-STI39UV","msg":"Node \"Haruka Music\" debug: connection: lavaclient <<< stats: {\"players\":2043,\"playingPlayers\":26,\"uptime\":840954203,\"memory\":{\"free\":1375167848,\"used\":1015585432,\"allocated\":2390753280,\"reservable\":6442450944},\"cpu\":{\"cores\":8,\"systemLoad\":0.0,\"lavalinkLoad\":0.10638297872340426},\"op\":\"stats\"}"}
{"level":20,"time":1701076861204,"pid":29328,"hostname":"DESKTOP-STI39UV","msg":"Node \"Haruka Music\" debug: connection: lavaclient <<< stats: {\"players\":2041,\"playingPlayers\":26,\"uptime\":841014203,\"memory\":{\"free\":186942520,\"used\":2203810760,\"allocated\":2390753280,\"reservable\":6442450944},\"cpu\":{\"cores\":8,\"systemLoad\":0.0,\"lavalinkLoad\":0.10638297872340426},\"op\":\"stats\"}"}
{"level":20,"time":1701076921212,"pid":29328,"hostname":"DESKTOP-STI39UV","msg":"Node \"Haruka Music\" debug: connection: lavaclient <<< stats: {\"players\":2040,\"playingPlayers\":25,\"uptime\":841074205,\"memory\":{\"free\":603876736,\"used\":1786876544,\"allocated\":2390753280,\"reservable\":6442450944},\"cpu\":{\"cores\":8,\"systemLoad\":0.0,\"lavalinkLoad\":0.15625},\"op\":\"stats\"}"}
{"level":20,"time":1701076981208,"pid":29328,"hostname":"DESKTOP-STI39UV","msg":"Node \"Haruka Music\" debug: connection: lavaclient <<< stats: {\"players\":2039,\"playingPlayers\":26,\"uptime\":841134203,\"memory\":{\"free\":1116295432,\"used\":1274457848,\"allocated\":2390753280,\"reservable\":6442450944},\"cpu\":{\"cores\":8,\"systemLoad\":0.0,\"lavalinkLoad\":0.10869565217391304},\"op\":\"stats\"}"}
{"level":20,"time":1701077041201,"pid":29328,"hostname":"DESKTOP-STI39UV","msg":"Node \"Haruka Music\" debug: connection: lavaclient <<< stats: {\"players\":2039,\"playingPlayers\":25,\"uptime\":841194204,\"memory\":{\"free\":865102824,\"used\":1525650456,\"allocated\":2390753280,\"reservable\":6442450944},\"cpu\":{\"cores\":8,\"systemLoad\":0.0,\"lavalinkLoad\":0.10416666666666667},\"op\":\"stats\"}"}
{"level":20,"time":1701077101233,"pid":29328,"hostname":"DESKTOP-STI39UV","msg":"Node \"Haruka Music\" debug: connection: lavaclient <<< stats: {\"players\":2039,\"playingPlayers\":26,\"uptime\":841254203,\"memory\":{\"free\":588154936,\"used\":1802598344,\"allocated\":2390753280,\"reservable\":6442450944},\"cpu\":{\"cores\":8,\"systemLoad\":0.0,\"lavalinkLoad\":0.05319148936170213},\"op\":\"stats\"}"}
{"level":20,"time":1701077161204,"pid":29328,"hostname":"DESKTOP-STI39UV","msg":"Node \"Haruka Music\" debug: connection: lavaclient <<< stats: {\"players\":2038,\"playingPlayers\":24,\"uptime\":841314203,\"memory\":{\"free\":1285018192,\"used\":1105735088,\"allocated\":2390753280,\"reservable\":6442450944},\"cpu\":{\"cores\":8,\"systemLoad\":0.0,\"lavalinkLoad\":0.0797872340425532},\"op\":\"stats\"}"}
{"level":20,"time":1701077221199,"pid":29328,"hostname":"DESKTOP-STI39UV","msg":"Node \"Haruka Music\" debug: connection: lavaclient <<< stats: {\"players\":2038,\"playingPlayers\":25,\"uptime\":841374204,\"memory\":{\"free\":219107456,\"used\":2171645824,\"allocated\":2390753280,\"reservable\":6442450944},\"cpu\":{\"cores\":8,\"systemLoad\":0.0,\"lavalinkLoad\":0.078125},\"op\":\"stats\"}"}
{"level":20,"time":1701077281200,"pid":29328,"hostname":"DESKTOP-STI39UV","msg":"Node \"Haruka Music\" debug: connection: lavaclient <<< stats: {\"players\":1989,\"playingPlayers\":26,\"uptime\":841434204,\"memory\":{\"free\":720208272,\"used\":1670545008,\"allocated\":2390753280,\"reservable\":6442450944},\"cpu\":{\"cores\":8,\"systemLoad\":0.0,\"lavalinkLoad\":0.078125},\"op\":\"stats\"}"}
{"level":20,"time":1701077341198,"pid":29328,"hostname":"DESKTOP-STI39UV","msg":"Node \"Haruka Music\" debug: connection: lavaclient <<< stats: {\"players\":1990,\"playingPlayers\":26,\"uptime\":841494203,\"memory\":{\"free\":1188024256,\"used\":1202729024,\"allocated\":2390753280,\"reservable\":6442450944},\"cpu\":{\"cores\":8,\"systemLoad\":0.0,\"lavalinkLoad\":0.13297872340425532},\"op\":\"stats\"}"}
{"level":20,"time":1701077401199,"pid":29328,"hostname":"DESKTOP-STI39UV","msg":"Node \"Haruka Music\" debug: connection: lavaclient <<< stats: {\"players\":1991,\"playingPlayers\":26,\"uptime\":841554204,\"memory\":{\"free\":820255400,\"used\":1570497880,\"allocated\":2390753280,\"reservable\":6442450944},\"cpu\":{\"cores\":8,\"systemLoad\":0.0,\"lavalinkLoad\":0.13297872340425532},\"op\":\"stats\"}"}
{"level":20,"time":1701077461199,"pid":29328,"hostname":"DESKTOP-STI39UV","msg":"Node \"Haruka Music\" debug: connection: lavaclient <<< stats: {\"players\":1991,\"playingPlayers\":26,\"uptime\":841614204,\"memory\":{\"free\":414075456,\"used\":1976677824,\"allocated\":2390753280,\"reservable\":6442450944},\"cpu\":{\"cores\":8,\"systemLoad\":0.0,\"lavalinkLoad\":0.078125},\"op\":\"stats\"}"}
{"level":20,"time":1701077521197,"pid":29328,"hostname":"DESKTOP-STI39UV","msg":"Node \"Haruka Music\" debug: connection: lavaclient <<< stats: {\"players\":1991,\"playingPlayers\":24,\"uptime\":841674203,\"memory\":{\"free\":581386040,\"used\":1809367240,\"allocated\":2390753280,\"reservable\":6442450944},\"cpu\":{\"cores\":8,\"systemLoad\":0.0,\"lavalinkLoad\":0.0797872340425532},\"op\":\"stats\"}"}
{"level":20,"time":1701077581197,"pid":29328,"hostname":"DESKTOP-STI39UV","msg":"Node \"Haruka Music\" debug: connection: lavaclient <<< stats: {\"players\":1993,\"playingPlayers\":25,\"uptime\":841734203,\"memory\":{\"free\":1013114184,\"used\":1377639096,\"allocated\":2390753280,\"reservable\":6442450944},\"cpu\":{\"cores\":8,\"systemLoad\":0.0,\"lavalinkLoad\":0.0797872340425532},\"op\":\"stats\"}"}
{"level":20,"time":1701077641197,"pid":29328,"hostname":"DESKTOP-STI39UV","msg":"Node \"Haruka Music\" debug: connection: lavaclient <<< stats: {\"players\":1993,\"playingPlayers\":23,\"uptime\":841794203,\"memory\":{\"free\":1115704296,\"used\":1275048984,\"allocated\":2390753280,\"reservable\":6442450944},\"cpu\":{\"cores\":8,\"systemLoad\":0.0,\"lavalinkLoad\":0.0797872340425532},\"op\":\"stats\"}"}
{"level":20,"time":1701077701205,"pid":29328,"hostname":"DESKTOP-STI39UV","msg":"Node \"Haruka Music\" debug: connection: lavaclient <<< stats: {\"players\":1994,\"playingPlayers\":23,\"uptime\":841854204,\"memory\":{\"free\":827232440,\"used\":1563520840,\"allocated\":2390753280,\"reservable\":6442450944},\"cpu\":{\"cores\":8,\"systemLoad\":0.0,\"lavalinkLoad\":0.35714285714285715},\"op\":\"stats\"}"}
{"level":20,"time":1701077761208,"pid":29328,"hostname":"DESKTOP-STI39UV","msg":"Node \"Haruka Music\" debug: connection: lavaclient <<< stats: {\"players\":1995,\"playingPlayers\":25,\"uptime\":841914204,\"memory\":{\"free\":177282072,\"used\":2213471208,\"allocated\":2390753280,\"reservable\":6442450944},\"cpu\":{\"cores\":8,\"systemLoad\":0.0,\"lavalinkLoad\":0.078125},\"op\":\"stats\"}"}
{"level":20,"time":1701077821200,"pid":29328,"hostname":"DESKTOP-STI39UV","msg":"Node \"Haruka Music\" debug: connection: lavaclient <<< stats: {\"players\":1997,\"playingPlayers\":26,\"uptime\":841974204,\"memory\":{\"free\":666190168,\"used\":1724563112,\"allocated\":2390753280,\"reservable\":6442450944},\"cpu\":{\"cores\":8,\"systemLoad\":0.0,\"lavalinkLoad\":0.05319148936170213},\"op\":\"stats\"}"}
{"level":20,"time":1701077881195,"pid":29328,"hostname":"DESKTOP-STI39UV","msg":"Node \"Haruka Music\" debug: connection: lavaclient <<< stats: {\"players\":1998,\"playingPlayers\":26,\"uptime\":842034203,\"memory\":{\"free\":986165816,\"used\":1404587464,\"allocated\":2390753280,\"reservable\":6442450944},\"cpu\":{\"cores\":8,\"systemLoad\":0.0,\"lavalinkLoad\":0.08152173913043478},\"op\":\"stats\"}"}
{"level":20,"time":1701077941197,"pid":29328,"hostname":"DESKTOP-STI39UV","msg":"Node \"Haruka Music\" debug: connection: lavaclient <<< stats: {\"players\":1997,\"playingPlayers\":26,\"uptime\":842094204,\"memory\":{\"free\":1229263080,\"used\":1161490200,\"allocated\":2390753280,\"reservable\":6442450944},\"cpu\":{\"cores\":8,\"systemLoad\":0.0,\"lavalinkLoad\":0.0797872340425532},\"op\":\"stats\"}"}
{"level":20,"time":1701078001198,"pid":29328,"hostname":"DESKTOP-STI39UV","msg":"Node \"Haruka Music\" debug: connection: lavaclient <<< stats: {\"players\":1997,\"playingPlayers\":25,\"uptime\":842154204,\"memory\":{\"free\":826753392,\"used\":1563999888,\"allocated\":2390753280,\"reservable\":6442450944},\"cpu\":{\"cores\":8,\"systemLoad\":0.0,\"lavalinkLoad\":0.33163265306122447},\"op\":\"stats\"}"}
{"level":20,"time":1701078061196,"pid":29328,"hostname":"DESKTOP-STI39UV","msg":"Node \"Haruka Music\" debug: connection: lavaclient <<< stats: {\"players\":1996,\"playingPlayers\":27,\"uptime\":842214204,\"memory\":{\"free\":174679512,\"used\":2216073768,\"allocated\":2390753280,\"reservable\":6442450944},\"cpu\":{\"cores\":8,\"systemLoad\":0.0,\"lavalinkLoad\":0.10416666666666667},\"op\":\"stats\"}"}
{"level":20,"time":1701078121195,"pid":29328,"hostname":"DESKTOP-STI39UV","msg":"Node \"Haruka Music\" debug: connection: lavaclient <<< stats: {\"players\":1996,\"playingPlayers\":25,\"uptime\":842274203,\"memory\":{\"free\":770410576,\"used\":1620342704,\"allocated\":2390753280,\"reservable\":6442450944},\"cpu\":{\"cores\":8,\"systemLoad\":0.0,\"lavalinkLoad\":0.10638297872340426},\"op\":\"stats\"}"}
{"level":20,"time":1701078181194,"pid":29328,"hostname":"DESKTOP-STI39UV","msg":"Node \"Haruka Music\" debug: connection: lavaclient <<< stats: {\"players\":1996,\"playingPlayers\":25,\"uptime\":842334203,\"memory\":{\"free\":1233255056,\"used\":1157498224,\"allocated\":2390753280,\"reservable\":6442450944},\"cpu\":{\"cores\":8,\"systemLoad\":0.0,\"lavalinkLoad\":0.0797872340425532},\"op\":\"stats\"}"}
{"level":20,"time":1701078241198,"pid":29328,"hostname":"DESKTOP-STI39UV","msg":"Node \"Haruka Music\" debug: connection: lavaclient <<< stats: {\"players\":1996,\"playingPlayers\":24,\"uptime\":842394204,\"memory\":{\"free\":781935936,\"used\":1608817344,\"allocated\":2390753280,\"reservable\":6442450944},\"cpu\":{\"cores\":8,\"systemLoad\":0.0,\"lavalinkLoad\":0.0797872340425532},\"op\":\"stats\"}"}
{"level":20,"time":1701078301194,"pid":29328,"hostname":"DESKTOP-STI39UV","msg":"Node \"Haruka Music\" debug: connection: lavaclient <<< stats: {\"players\":1996,\"playingPlayers\":26,\"uptime\":842454204,\"memory\":{\"free\":240097720,\"used\":2150655560,\"allocated\":2390753280,\"reservable\":6442450944},\"cpu\":{\"cores\":8,\"systemLoad\":0.0,\"lavalinkLoad\":0.13297872340425532},\"op\":\"stats\"}"}
{"level":20,"time":1701078361195,"pid":29328,"hostname":"DESKTOP-STI39UV","msg":"Node \"Haruka Music\" debug: connection: lavaclient <<< stats: {\"players\":1996,\"playingPlayers\":27,\"uptime\":842514204,\"memory\":{\"free\":709477056,\"used\":1681276224,\"allocated\":2390753280,\"reservable\":6442450944},\"cpu\":{\"cores\":8,\"systemLoad\":0.0,\"lavalinkLoad\":0.078125},\"op\":\"stats\"}"}
{"level":20,"time":1701078421195,"pid":29328,"hostname":"DESKTOP-STI39UV","msg":"Node \"Haruka Music\" debug: connection: lavaclient <<< stats: {\"players\":1995,\"playingPlayers\":27,\"uptime\":842574204,\"memory\":{\"free\":765670928,\"used\":1625082352,\"allocated\":2390753280,\"reservable\":6442450944},\"cpu\":{\"cores\":8,\"systemLoad\":0.0,\"lavalinkLoad\":0.13020833333333334},\"op\":\"stats\"}"}
{"level":20,"time":1701078481196,"pid":29328,"hostname":"DESKTOP-STI39UV","msg":"Node \"Haruka Music\" debug: connection: lavaclient <<< stats: {\"players\":1995,\"playingPlayers\":26,\"uptime\":842634203,\"memory\":{\"free\":1224577288,\"used\":1166175992,\"allocated\":2390753280,\"reservable\":6442450944},\"cpu\":{\"cores\":8,\"systemLoad\":0.0,\"lavalinkLoad\":0.10416666666666667},\"op\":\"stats\"}"}
{"level":20,"time":1701078541194,"pid":29328,"hostname":"DESKTOP-STI39UV","msg":"Node \"Haruka Music\" debug: connection: lavaclient <<< stats: {\"players\":1996,\"playingPlayers\":27,\"uptime\":842694204,\"memory\":{\"free\":1378531680,\"used\":1012221600,\"allocated\":2390753280,\"reservable\":6442450944},\"cpu\":{\"cores\":8,\"systemLoad\":0.0,\"lavalinkLoad\":0.078125},\"op\":\"stats\"}"}
{"level":20,"time":1701078601193,"pid":29328,"hostname":"DESKTOP-STI39UV","msg":"Node \"Haruka Music\" debug: connection: lavaclient <<< stats: {\"players\":1996,\"playingPlayers\":27,\"uptime\":842754204,\"memory\":{\"free\":190140192,\"used\":2200613088,\"allocated\":2390753280,\"reservable\":6442450944},\"cpu\":{\"cores\":8,\"systemLoad\":0.0,\"lavalinkLoad\":0.078125},\"op\":\"stats\"}"}
{"level":20,"time":1701078661195,"pid":29328,"hostname":"DESKTOP-STI39UV","msg":"Node \"Haruka Music\" debug: connection: lavaclient <<< stats: {\"players\":1996,\"playingPlayers\":31,\"uptime\":842814204,\"memory\":{\"free\":921064032,\"used\":1469689248,\"allocated\":2390753280,\"reservable\":6442450944},\"cpu\":{\"cores\":8,\"systemLoad\":0.0,\"lavalinkLoad\":0.052083333333333336},\"op\":\"stats\"}"}
{"level":20,"time":1701078721192,"pid":29328,"hostname":"DESKTOP-STI39UV","msg":"Node \"Haruka Music\" debug: connection: lavaclient <<< stats: {\"players\":1996,\"playingPlayers\":28,\"uptime\":842874203,\"memory\":{\"free\":342266552,\"used\":2048486728,\"allocated\":2390753280,\"reservable\":6442450944},\"cpu\":{\"cores\":8,\"systemLoad\":0.0,\"lavalinkLoad\":0.05319148936170213},\"op\":\"stats\"}"}
{"level":20,"time":1701078781192,"pid":29328,"hostname":"DESKTOP-STI39UV","msg":"Node \"Haruka Music\" debug: connection: lavaclient <<< stats: {\"players\":1997,\"playingPlayers\":29,\"uptime\":842934204,\"memory\":{\"free\":652827512,\"used\":1737925768,\"allocated\":2390753280,\"reservable\":6442450944},\"cpu\":{\"cores\":8,\"systemLoad\":0.0,\"lavalinkLoad\":0.08152173913043478},\"op\":\"stats\"}"}
{"level":20,"time":1701078841191,"pid":29328,"hostname":"DESKTOP-STI39UV","msg":"Node \"Haruka Music\" debug: connection: lavaclient <<< stats: {\"players\":1997,\"playingPlayers\":28,\"uptime\":842994203,\"memory\":{\"free\":882365336,\"used\":1508387944,\"allocated\":2390753280,\"reservable\":6442450944},\"cpu\":{\"cores\":8,\"systemLoad\":0.0,\"lavalinkLoad\":0.0797872340425532},\"op\":\"stats\"}"}
{"level":20,"time":1701078901197,"pid":29328,"hostname":"DESKTOP-STI39UV","msg":"Node \"Haruka Music\" debug: connection: lavaclient <<< stats: {\"players\":1999,\"playingPlayers\":28,\"uptime\":843054203,\"memory\":{\"free\":1106816712,\"used\":1283936568,\"allocated\":2390753280,\"reservable\":6442450944},\"cpu\":{\"cores\":8,\"systemLoad\":0.0,\"lavalinkLoad\":0.05319148936170213},\"op\":\"stats\"}"}
{"level":20,"time":1701078961190,"pid":29328,"hostname":"DESKTOP-STI39UV","msg":"Node \"Haruka Music\" debug: connection: lavaclient <<< stats: {\"players\":1999,\"playingPlayers\":28,\"uptime\":843114203,\"memory\":{\"free\":869456992,\"used\":1521296288,\"allocated\":2390753280,\"reservable\":6442450944},\"cpu\":{\"cores\":8,\"systemLoad\":0.0,\"lavalinkLoad\":0.10638297872340426},\"op\":\"stats\"}"}
{"level":20,"time":1701079021218,"pid":29328,"hostname":"DESKTOP-STI39UV","msg":"Node \"Haruka Music\" debug: connection: lavaclient <<< stats: {\"players\":2000,\"playingPlayers\":26,\"uptime\":843174204,\"memory\":{\"free\":188329256,\"used\":2202424024,\"allocated\":2390753280,\"reservable\":6442450944},\"cpu\":{\"cores\":8,\"systemLoad\":0.0,\"lavalinkLoad\":0.08152173913043478},\"op\":\"stats\"}"}
{"level":20,"time":1701079081191,"pid":29328,"hostname":"DESKTOP-STI39UV","msg":"Node \"Haruka Music\" debug: connection: lavaclient <<< stats: {\"players\":2000,\"playingPlayers\":25,\"uptime\":843234203,\"memory\":{\"free\":656406256,\"used\":1734347024,\"allocated\":2390753280,\"reservable\":6442450944},\"cpu\":{\"cores\":8,\"systemLoad\":0.0,\"lavalinkLoad\":0.10638297872340426},\"op\":\"stats\"}"}
{"level":20,"time":1701079112097,"pid":29328,"hostname":"DESKTOP-STI39UV","msg":"Node \"Haruka Music\" debug: rest: + GET /loadtracks?identifier=ytsearch%3Arevenge%20the%20fate%20-%20amerta"}
{"level":20,"time":1701079112344,"pid":29328,"hostname":"DESKTOP-STI39UV","msg":"Node \"Haruka Music\" debug: [player 878766471537373184] voice: updating voice status in guild=878766471537373184, channel=null"}
{"level":20,"time":1701079112345,"pid":29328,"hostname":"DESKTOP-STI39UV","msg":"Node \"Haruka Music\" debug: connection: lavaclient >>> play: {\"op\":\"play\",\"track\":\"QAAAmgIAMFJFVkVOR0UgVEhFIEZBVEUgLSBBTUVSVEEgKE9mZmljaWFsIE11c2ljIFZpZGVvKQAQUmV2ZW5nZSBUaGUgRmF0ZQAAAAAABAsoAAt3aUJTaERWRnJJYwABACtodHRwczovL3d3dy55b3V0dWJlLmNvbS93YXRjaD92PXdpQlNoRFZGckljAAd5b3V0dWJlAAAAAAAAAAA=\",\"guildId\":\"878766471537373184\"}"}
{"level":20,"time":1701079112635,"pid":29328,"hostname":"DESKTOP-STI39UV","msg":"Node \"Haruka Music\" debug: connection: lavaclient <<< event: {\"encodedTrack\":\"QAAAmgIAMFJFVkVOR0UgVEhFIEZBVEUgLSBBTUVSVEEgKE9mZmljaWFsIE11c2ljIFZpZGVvKQAQUmV2ZW5nZSBUaGUgRmF0ZQAAAAAABAsoAAt3aUJTaERWRnJJYwABACtodHRwczovL3d3dy55b3V0dWJlLmNvbS93YXRjaD92PXdpQlNoRFZGckljAAd5b3V0dWJlAAAAAAAAAAA=\",\"track\":\"QAAAmgIAMFJFVkVOR0UgVEhFIEZBVEUgLSBBTUVSVEEgKE9mZmljaWFsIE11c2ljIFZpZGVvKQAQUmV2ZW5nZSBUaGUgRmF0ZQAAAAAABAsoAAt3aUJTaERWRnJJYwABACtodHRwczovL3d3dy55b3V0dWJlLmNvbS93YXRjaD92PXdpQlNoRFZGckljAAd5b3V0dWJlAAAAAAAAAAA=\",\"guildId\":\"878766471537373184\",\"op\":\"event\",\"type\":\"TrackStartEvent\"}"}
{"level":20,"time":1701079112636,"pid":29328,"hostname":"DESKTOP-STI39UV","msg":"Node \"Haruka Music\" debug: connection: lavaclient <<< playerUpdate: {\"state\":{\"time\":1701079115355,\"position\":0,\"connected\":false,\"ping\":-1},\"guildId\":\"878766471537373184\",\"op\":\"playerUpdate\"}"}
{"level":20,"time":1701079112637,"pid":29328,"hostname":"DESKTOP-STI39UV","msg":"Node \"Haruka Music\" debug: connection: lavaclient <<< playerUpdate: {\"state\":{\"time\":1701079115356,\"position\":0,\"connected\":false,\"ping\":-1},\"guildId\":\"878766471537373184\",\"op\":\"playerUpdate\"}"}
{"level":20,"time":1701079112878,"pid":29328,"hostname":"DESKTOP-STI39UV","msg":"Node \"Haruka Music\" debug: [player 878766471537373184] voice: submitting voice update"}
{"level":20,"time":1701079112878,"pid":29328,"hostname":"DESKTOP-STI39UV","msg":"Node \"Haruka Music\" debug: connection: lavaclient >>> voiceUpdate: {\"op\":\"voiceUpdate\",\"guildId\":\"878766471537373184\",\"sessionId\":\"d089829114f79b98236afdd42a349d94\",\"event\":{\"token\":\"67e665fbc9b542e7\",\"guild_id\":\"878766471537373184\",\"endpoint\":\"singapore3272.discord.media:443\"}}"}
{"level":20,"time":1701079114162,"pid":29328,"hostname":"DESKTOP-STI39UV","msg":"Node \"Haruka Music\" debug: connection: lavaclient <<< playerUpdate: {\"state\":{\"time\":1701079116928,\"position\":0,\"connected\":true,\"ping\":0},\"guildId\":\"878766471537373184\",\"op\":\"playerUpdate\"}"}
{"level":20,"time":1701079117590,"pid":29328,"hostname":"DESKTOP-STI39UV","msg":"Node \"Haruka Music\" debug: connection: lavaclient <<< playerUpdate: {\"state\":{\"time\":1701079120355,\"position\":3340,\"connected\":true,\"ping\":0},\"guildId\":\"878766471537373184\",\"op\":\"playerUpdate\"}"}
{"level":20,"time":1701079122594,"pid":29328,"hostname":"DESKTOP-STI39UV","msg":"Node \"Haruka Music\" debug: connection: lavaclient <<< playerUpdate: {\"state\":{\"time\":1701079125355,\"position\":8340,\"connected\":true,\"ping\":0},\"guildId\":\"878766471537373184\",\"op\":\"playerUpdate\"}"}
{"level":20,"time":1701079127633,"pid":29328,"hostname":"DESKTOP-STI39UV","msg":"Node \"Haruka Music\" debug: connection: lavaclient <<< playerUpdate: {\"state\":{\"time\":1701079130355,\"position\":13340,\"connected\":true,\"ping\":0},\"guildId\":\"878766471537373184\",\"op\":\"playerUpdate\"}"}
{"level":20,"time":1701079132587,"pid":29328,"hostname":"DESKTOP-STI39UV","msg":"Node \"Haruka Music\" debug: connection: lavaclient <<< playerUpdate: {\"state\":{\"time\":1701079135355,\"position\":18340,\"connected\":true,\"ping\":249},\"guildId\":\"878766471537373184\",\"op\":\"playerUpdate\"}"}
{"level":20,"time":1701079137586,"pid":29328,"hostname":"DESKTOP-STI39UV","msg":"Node \"Haruka Music\" debug: connection: lavaclient <<< playerUpdate: {\"state\":{\"time\":1701079140355,\"position\":23340,\"connected\":true,\"ping\":249},\"guildId\":\"878766471537373184\",\"op\":\"playerUpdate\"}"}
{"level":20,"time":1701079141218,"pid":29328,"hostname":"DESKTOP-STI39UV","msg":"Node \"Haruka Music\" debug: connection: lavaclient <<< stats: {\"players\":2001,\"playingPlayers\":26,\"uptime\":843294204,\"memory\":{\"free\":560631600,\"used\":1830121680,\"allocated\":2390753280,\"reservable\":6442450944},\"cpu\":{\"cores\":8,\"systemLoad\":0.0,\"lavalinkLoad\":0.07653061224489796},\"op\":\"stats\"}"}
{"level":20,"time":1701079142586,"pid":29328,"hostname":"DESKTOP-STI39UV","msg":"Node \"Haruka Music\" debug: connection: lavaclient <<< playerUpdate: {\"state\":{\"time\":1701079145355,\"position\":28340,\"connected\":true,\"ping\":249},\"guildId\":\"878766471537373184\",\"op\":\"playerUpdate\"}"}
{"level":20,"time":1701079147587,"pid":29328,"hostname":"DESKTOP-STI39UV","msg":"Node \"Haruka Music\" debug: connection: lavaclient <<< playerUpdate: {\"state\":{\"time\":1701079150355,\"position\":33340,\"connected\":true,\"ping\":249},\"guildId\":\"878766471537373184\",\"op\":\"playerUpdate\"}"}
{"level":20,"time":1701079152587,"pid":29328,"hostname":"DESKTOP-STI39UV","msg":"Node \"Haruka Music\" debug: connection: lavaclient <<< playerUpdate: {\"state\":{\"time\":1701079155355,\"position\":38320,\"connected\":true,\"ping\":249},\"guildId\":\"878766471537373184\",\"op\":\"playerUpdate\"}"}
{"level":20,"time":1701079157587,"pid":29328,"hostname":"DESKTOP-STI39UV","msg":"Node \"Haruka Music\" debug: connection: lavaclient <<< playerUpdate: {\"state\":{\"time\":1701079160355,\"position\":43300,\"connected\":true,\"ping\":250},\"guildId\":\"878766471537373184\",\"op\":\"playerUpdate\"}"}
{"level":20,"time":1701079162599,"pid":29328,"hostname":"DESKTOP-STI39UV","msg":"Node \"Haruka Music\" debug: connection: lavaclient <<< playerUpdate: {\"state\":{\"time\":1701079165355,\"position\":48300,\"connected\":true,\"ping\":250},\"guildId\":\"878766471537373184\",\"op\":\"playerUpdate\"}"}
{"level":20,"time":1701079167587,"pid":29328,"hostname":"DESKTOP-STI39UV","msg":"Node \"Haruka Music\" debug: connection: lavaclient <<< playerUpdate: {\"state\":{\"time\":1701079170355,\"position\":53300,\"connected\":true,\"ping\":250},\"guildId\":\"878766471537373184\",\"op\":\"playerUpdate\"}"}
{"level":20,"time":1701079172586,"pid":29328,"hostname":"DESKTOP-STI39UV","msg":"Node \"Haruka Music\" debug: connection: lavaclient <<< playerUpdate: {\"state\":{\"time\":1701079175355,\"position\":58300,\"connected\":true,\"ping\":251},\"guildId\":\"878766471537373184\",\"op\":\"playerUpdate\"}"}
{"level":20,"time":1701079177587,"pid":29328,"hostname":"DESKTOP-STI39UV","msg":"Node \"Haruka Music\" debug: connection: lavaclient <<< playerUpdate: {\"state\":{\"time\":1701079180355,\"position\":63300,\"connected\":true,\"ping\":251},\"guildId\":\"878766471537373184\",\"op\":\"playerUpdate\"}"}
{"level":20,"time":1701079182587,"pid":29328,"hostname":"DESKTOP-STI39UV","msg":"Node \"Haruka Music\" debug: connection: lavaclient <<< playerUpdate: {\"state\":{\"time\":1701079185355,\"position\":68300,\"connected\":true,\"ping\":251},\"guildId\":\"878766471537373184\",\"op\":\"playerUpdate\"}"}
{"level":20,"time":1701079187588,"pid":29328,"hostname":"DESKTOP-STI39UV","msg":"Node \"Haruka Music\" debug: connection: lavaclient <<< playerUpdate: {\"state\":{\"time\":1701079190355,\"position\":73320,\"connected\":true,\"ping\":250},\"guildId\":\"878766471537373184\",\"op\":\"playerUpdate\"}"}
{"level":20,"time":1701079192586,"pid":29328,"hostname":"DESKTOP-STI39UV","msg":"Node \"Haruka Music\" debug: connection: lavaclient <<< playerUpdate: {\"state\":{\"time\":1701079195355,\"position\":78320,\"connected\":true,\"ping\":250},\"guildId\":\"878766471537373184\",\"op\":\"playerUpdate\"}"}
{"level":20,"time":1701079197589,"pid":29328,"hostname":"DESKTOP-STI39UV","msg":"Node \"Haruka Music\" debug: connection: lavaclient <<< playerUpdate: {\"state\":{\"time\":1701079200355,\"position\":83320,\"connected\":true,\"ping\":251},\"guildId\":\"878766471537373184\",\"op\":\"playerUpdate\"}"}
{"level":20,"time":1701079201188,"pid":29328,"hostname":"DESKTOP-STI39UV","msg":"Node \"Haruka Music\" debug: connection: lavaclient <<< stats: {\"frameStats\":{\"sent\":2999,\"nulled\":0,\"deficit\":1},\"players\":2001,\"playingPlayers\":25,\"uptime\":843354203,\"memory\":{\"free\":817358496,\"used\":1573394784,\"allocated\":2390753280,\"reservable\":6442450944},\"cpu\":{\"cores\":8,\"systemLoad\":0.0,\"lavalinkLoad\":0.05319148936170213},\"op\":\"stats\"}"}
{"level":20,"time":1701079202596,"pid":29328,"hostname":"DESKTOP-STI39UV","msg":"Node \"Haruka Music\" debug: connection: lavaclient <<< playerUpdate: {\"state\":{\"time\":1701079205355,\"position\":88320,\"connected\":true,\"ping\":251},\"guildId\":\"878766471537373184\",\"op\":\"playerUpdate\"}"}
{"level":20,"time":1701079207599,"pid":29328,"hostname":"DESKTOP-STI39UV","msg":"Node \"Haruka Music\" debug: connection: lavaclient <<< playerUpdate: {\"state\":{\"time\":1701079210355,\"position\":93320,\"connected\":true,\"ping\":251},\"guildId\":\"878766471537373184\",\"op\":\"playerUpdate\"}"}
{"level":20,"time":1701079212597,"pid":29328,"hostname":"DESKTOP-STI39UV","msg":"Node \"Haruka Music\" debug: connection: lavaclient <<< playerUpdate: {\"state\":{\"time\":1701079215355,\"position\":98320,\"connected\":true,\"ping\":250},\"guildId\":\"878766471537373184\",\"op\":\"playerUpdate\"}"}
{"level":20,"time":1701079217586,"pid":29328,"hostname":"DESKTOP-STI39UV","msg":"Node \"Haruka Music\" debug: connection: lavaclient <<< playerUpdate: {\"state\":{\"time\":1701079220355,\"position\":103320,\"connected\":true,\"ping\":250},\"guildId\":\"878766471537373184\",\"op\":\"playerUpdate\"}"}
{"level":20,"time":1701079222605,"pid":29328,"hostname":"DESKTOP-STI39UV","msg":"Node \"Haruka Music\" debug: connection: lavaclient <<< playerUpdate: {\"state\":{\"time\":1701079225355,\"position\":108320,\"connected\":true,\"ping\":250},\"guildId\":\"878766471537373184\",\"op\":\"playerUpdate\"}"}
{"level":20,"time":1701079227585,"pid":29328,"hostname":"DESKTOP-STI39UV","msg":"Node \"Haruka Music\" debug: connection: lavaclient <<< playerUpdate: {\"state\":{\"time\":1701079230355,\"position\":113320,\"connected\":true,\"ping\":249},\"guildId\":\"878766471537373184\",\"op\":\"playerUpdate\"}"}
{"level":20,"time":1701079232588,"pid":29328,"hostname":"DESKTOP-STI39UV","msg":"Node \"Haruka Music\" debug: connection: lavaclient <<< playerUpdate: {\"state\":{\"time\":1701079235355,\"position\":118320,\"connected\":true,\"ping\":249},\"guildId\":\"878766471537373184\",\"op\":\"playerUpdate\"}"}
{"level":20,"time":1701079237589,"pid":29328,"hostname":"DESKTOP-STI39UV","msg":"Node \"Haruka Music\" debug: connection: lavaclient <<< playerUpdate: {\"state\":{\"time\":1701079240355,\"position\":123320,\"connected\":true,\"ping\":249},\"guildId\":\"878766471537373184\",\"op\":\"playerUpdate\"}"}
{"level":20,"time":1701079242587,"pid":29328,"hostname":"DESKTOP-STI39UV","msg":"Node \"Haruka Music\" debug: connection: lavaclient <<< playerUpdate: {\"state\":{\"time\":1701079245355,\"position\":128320,\"connected\":true,\"ping\":252},\"guildId\":\"878766471537373184\",\"op\":\"playerUpdate\"}"}
{"level":20,"time":1701079247609,"pid":29328,"hostname":"DESKTOP-STI39UV","msg":"Node \"Haruka Music\" debug: connection: lavaclient <<< playerUpdate: {\"state\":{\"time\":1701079250355,\"position\":133320,\"connected\":true,\"ping\":252},\"guildId\":\"878766471537373184\",\"op\":\"playerUpdate\"}"}
{"level":20,"time":1701079252586,"pid":29328,"hostname":"DESKTOP-STI39UV","msg":"Node \"Haruka Music\" debug: connection: lavaclient <<< playerUpdate: {\"state\":{\"time\":1701079255355,\"position\":138320,\"connected\":true,\"ping\":256},\"guildId\":\"878766471537373184\",\"op\":\"playerUpdate\"}"}
{"level":20,"time":1701079257588,"pid":29328,"hostname":"DESKTOP-STI39UV","msg":"Node \"Haruka Music\" debug: connection: lavaclient <<< playerUpdate: {\"state\":{\"time\":1701079260355,\"position\":143340,\"connected\":true,\"ping\":256},\"guildId\":\"878766471537373184\",\"op\":\"playerUpdate\"}"}
{"level":20,"time":1701079261192,"pid":29328,"hostname":"DESKTOP-STI39UV","msg":"Node \"Haruka Music\" debug: connection: lavaclient <<< stats: {\"frameStats\":{\"sent\":3001,\"nulled\":0,\"deficit\":-1},\"players\":2000,\"playingPlayers\":24,\"uptime\":843414204,\"memory\":{\"free\":1206261424,\"used\":1184491856,\"allocated\":2390753280,\"reservable\":6442450944},\"cpu\":{\"cores\":8,\"systemLoad\":0.0,\"lavalinkLoad\":0.052083333333333336},\"op\":\"stats\"}"}
{"level":20,"time":1701079262586,"pid":29328,"hostname":"DESKTOP-STI39UV","msg":"Node \"Haruka Music\" debug: connection: lavaclient <<< playerUpdate: {\"state\":{\"time\":1701079265355,\"position\":148340,\"connected\":true,\"ping\":256},\"guildId\":\"878766471537373184\",\"op\":\"playerUpdate\"}"}
{"level":20,"time":1701079267586,"pid":29328,"hostname":"DESKTOP-STI39UV","msg":"Node \"Haruka Music\" debug: connection: lavaclient <<< playerUpdate: {\"state\":{\"time\":1701079270355,\"position\":153340,\"connected\":true,\"ping\":252},\"guildId\":\"878766471537373184\",\"op\":\"playerUpdate\"}"}
{"level":20,"time":1701079272586,"pid":29328,"hostname":"DESKTOP-STI39UV","msg":"Node \"Haruka Music\" debug: connection: lavaclient <<< playerUpdate: {\"state\":{\"time\":1701079275355,\"position\":158340,\"connected\":true,\"ping\":252},\"guildId\":\"878766471537373184\",\"op\":\"playerUpdate\"}"}
{"level":20,"time":1701079277585,"pid":29328,"hostname":"DESKTOP-STI39UV","msg":"Node \"Haruka Music\" debug: connection: lavaclient <<< playerUpdate: {\"state\":{\"time\":1701079280355,\"position\":163340,\"connected\":true,\"ping\":252},\"guildId\":\"878766471537373184\",\"op\":\"playerUpdate\"}"}
{"level":20,"time":1701079282587,"pid":29328,"hostname":"DESKTOP-STI39UV","msg":"Node \"Haruka Music\" debug: connection: lavaclient <<< playerUpdate: {\"state\":{\"time\":1701079285355,\"position\":168340,\"connected\":true,\"ping\":249},\"guildId\":\"878766471537373184\",\"op\":\"playerUpdate\"}"}
{"level":20,"time":1701079287588,"pid":29328,"hostname":"DESKTOP-STI39UV","msg":"Node \"Haruka Music\" debug: connection: lavaclient <<< playerUpdate: {\"state\":{\"time\":1701079290355,\"position\":173320,\"connected\":true,\"ping\":249},\"guildId\":\"878766471537373184\",\"op\":\"playerUpdate\"}"}
{"level":20,"time":1701079292586,"pid":29328,"hostname":"DESKTOP-STI39UV","msg":"Node \"Haruka Music\" debug: connection: lavaclient <<< playerUpdate: {\"state\":{\"time\":1701079295355,\"position\":178320,\"connected\":true,\"ping\":249},\"guildId\":\"878766471537373184\",\"op\":\"playerUpdate\"}"}
{"level":20,"time":1701079297589,"pid":29328,"hostname":"DESKTOP-STI39UV","msg":"Node \"Haruka Music\" debug: connection: lavaclient <<< playerUpdate: {\"state\":{\"time\":1701079300355,\"position\":183320,\"connected\":true,\"ping\":250},\"guildId\":\"878766471537373184\",\"op\":\"playerUpdate\"}"}
{"level":20,"time":1701079303096,"pid":29328,"hostname":"DESKTOP-STI39UV","msg":"Node \"Haruka Music\" debug: connection: lavaclient <<< playerUpdate: {\"state\":{\"time\":1701079305355,\"position\":188320,\"connected\":true,\"ping\":250},\"guildId\":\"878766471537373184\",\"op\":\"playerUpdate\"}"}
{"level":20,"time":1701079307603,"pid":29328,"hostname":"DESKTOP-STI39UV","msg":"Node \"Haruka Music\" debug: connection: lavaclient <<< playerUpdate: {\"state\":{\"time\":1701079310355,\"position\":193320,\"connected\":true,\"ping\":250},\"guildId\":\"878766471537373184\",\"op\":\"playerUpdate\"}"}
{"level":20,"time":1701079312586,"pid":29328,"hostname":"DESKTOP-STI39UV","msg":"Node \"Haruka Music\" debug: connection: lavaclient <<< playerUpdate: {\"state\":{\"time\":1701079315355,\"position\":198320,\"connected\":true,\"ping\":250},\"guildId\":\"878766471537373184\",\"op\":\"playerUpdate\"}"}
{"level":20,"time":1701079317585,"pid":29328,"hostname":"DESKTOP-STI39UV","msg":"Node \"Haruka Music\" debug: connection: lavaclient <<< playerUpdate: {\"state\":{\"time\":1701079320355,\"position\":203320,\"connected\":true,\"ping\":250},\"guildId\":\"878766471537373184\",\"op\":\"playerUpdate\"}"}
{"level":20,"time":1701079321189,"pid":29328,"hostname":"DESKTOP-STI39UV","msg":"Node \"Haruka Music\" debug: connection: lavaclient <<< stats: {\"frameStats\":{\"sent\":2999,\"nulled\":0,\"deficit\":1},\"players\":1999,\"playingPlayers\":24,\"uptime\":843474204,\"memory\":{\"free\":79423168,\"used\":2311330112,\"allocated\":2390753280,\"reservable\":6442450944},\"cpu\":{\"cores\":8,\"systemLoad\":0.0,\"lavalinkLoad\":0.05319148936170213},\"op\":\"stats\"}"}
{"level":20,"time":1701079322587,"pid":29328,"hostname":"DESKTOP-STI39UV","msg":"Node \"Haruka Music\" debug: connection: lavaclient <<< playerUpdate: {\"state\":{\"time\":1701079325355,\"position\":208320,\"connected\":true,\"ping\":249},\"guildId\":\"878766471537373184\",\"op\":\"playerUpdate\"}"}
{"level":20,"time":1701079327628,"pid":29328,"hostname":"DESKTOP-STI39UV","msg":"Node \"Haruka Music\" debug: connection: lavaclient <<< playerUpdate: {\"state\":{\"time\":1701079330391,\"position\":213380,\"connected\":true,\"ping\":249},\"guildId\":\"878766471537373184\",\"op\":\"playerUpdate\"}"}
{"level":20,"time":1701079332591,"pid":29328,"hostname":"DESKTOP-STI39UV","msg":"Node \"Haruka Music\" debug: connection: lavaclient <<< playerUpdate: {\"state\":{\"time\":1701079335355,\"position\":218320,\"connected\":true,\"ping\":249},\"guildId\":\"878766471537373184\",\"op\":\"playerUpdate\"}"}
{"level":20,"time":1701079337591,"pid":29328,"hostname":"DESKTOP-STI39UV","msg":"Node \"Haruka Music\" debug: connection: lavaclient <<< playerUpdate: {\"state\":{\"time\":1701079340355,\"position\":223340,\"connected\":true,\"ping\":253},\"guildId\":\"878766471537373184\",\"op\":\"playerUpdate\"}"}
{"level":20,"time":1701079342588,"pid":29328,"hostname":"DESKTOP-STI39UV","msg":"Node \"Haruka Music\" debug: connection: lavaclient <<< playerUpdate: {\"state\":{\"time\":1701079345355,\"position\":228340,\"connected\":true,\"ping\":253},\"guildId\":\"878766471537373184\",\"op\":\"playerUpdate\"}"}
{"level":20,"time":1701079347592,"pid":29328,"hostname":"DESKTOP-STI39UV","msg":"Node \"Haruka Music\" debug: connection: lavaclient <<< playerUpdate: {\"state\":{\"time\":1701079350355,\"position\":233340,\"connected\":true,\"ping\":253},\"guildId\":\"878766471537373184\",\"op\":\"playerUpdate\"}"}
{"level":20,"time":1701079352771,"pid":29328,"hostname":"DESKTOP-STI39UV","msg":"Node \"Haruka Music\" debug: connection: lavaclient <<< playerUpdate: {\"state\":{\"time\":1701079355355,\"position\":238340,\"connected\":true,\"ping\":250},\"guildId\":\"878766471537373184\",\"op\":\"playerUpdate\"}"}
{"level":20,"time":1701079357586,"pid":29328,"hostname":"DESKTOP-STI39UV","msg":"Node \"Haruka Music\" debug: connection: lavaclient <<< playerUpdate: {\"state\":{\"time\":1701079360355,\"position\":243340,\"connected\":true,\"ping\":250},\"guildId\":\"878766471537373184\",\"op\":\"playerUpdate\"}"}
{"level":20,"time":1701079362587,"pid":29328,"hostname":"DESKTOP-STI39UV","msg":"Node \"Haruka Music\" debug: connection: lavaclient <<< playerUpdate: {\"state\":{\"time\":1701079365355,\"position\":248360,\"connected\":true,\"ping\":251},\"guildId\":\"878766471537373184\",\"op\":\"playerUpdate\"}"}
{"level":20,"time":1701079367586,"pid":29328,"hostname":"DESKTOP-STI39UV","msg":"Node \"Haruka Music\" debug: connection: lavaclient <<< playerUpdate: {\"state\":{\"time\":1701079370355,\"position\":253360,\"connected\":true,\"ping\":251},\"guildId\":\"878766471537373184\",\"op\":\"playerUpdate\"}"}
{"level":20,"time":1701079372590,"pid":29328,"hostname":"DESKTOP-STI39UV","msg":"Node \"Haruka Music\" debug: connection: lavaclient <<< playerUpdate: {\"state\":{\"time\":1701079375355,\"position\":258360,\"connected\":true,\"ping\":251},\"guildId\":\"878766471537373184\",\"op\":\"playerUpdate\"}"}
{"level":20,"time":1701079377585,"pid":29328,"hostname":"DESKTOP-STI39UV","msg":"Node \"Haruka Music\" debug: connection: lavaclient <<< playerUpdate: {\"state\":{\"time\":1701079380355,\"position\":263360,\"connected\":true,\"ping\":250},\"guildId\":\"878766471537373184\",\"op\":\"playerUpdate\"}"}
{"level":20,"time":1701079378495,"pid":29328,"hostname":"DESKTOP-STI39UV","msg":"Node \"Haruka Music\" debug: connection: lavaclient >>> destroy: {\"op\":\"destroy\",\"guildId\":\"878766471537373184\"}"}
{"level":20,"time":1701079378496,"pid":29328,"hostname":"DESKTOP-STI39UV","msg":"Node \"Haruka Music\" debug: [player 878766471537373184] voice: updating voice status in guild=878766471537373184, channel=1163667727551049788"}
{"level":20,"time":1701079378496,"pid":29328,"hostname":"DESKTOP-STI39UV","msg":"Node \"Haruka Music\" debug: connection: lavaclient <<< event: {\"encodedTrack\":\"QAAAmgIAMFJFVkVOR0UgVEhFIEZBVEUgLSBBTUVSVEEgKE9mZmljaWFsIE11c2ljIFZpZGVvKQAQUmV2ZW5nZSBUaGUgRmF0ZQAAAAAABAsoAAt3aUJTaERWRnJJYwABACtodHRwczovL3d3dy55b3V0dWJlLmNvbS93YXRjaD92PXdpQlNoRFZGckljAAd5b3V0dWJlAAAAAAAECDA=\",\"track\":\"QAAAmgIAMFJFVkVOR0UgVEhFIEZBVEUgLSBBTUVSVEEgKE9mZmljaWFsIE11c2ljIFZpZGVvKQAQUmV2ZW5nZSBUaGUgRmF0ZQAAAAAABAsoAAt3aUJTaERWRnJJYwABACtodHRwczovL3d3dy55b3V0dWJlLmNvbS93YXRjaD92PXdpQlNoRFZGckljAAd5b3V0dWJlAAAAAAAECDA=\",\"reason\":\"FINISHED\",\"guildId\":\"878766471537373184\",\"op\":\"event\",\"type\":\"TrackEndEvent\"}"}
{"level":20,"time":1701079378739,"pid":29328,"hostname":"DESKTOP-STI39UV","msg":"Node \"Haruka Music\" debug: connection: lavaclient <<< event: {\"code\":1000,\"reason\":\"\",\"byRemote\":false,\"guildId\":\"878766471537373184\",\"op\":\"event\",\"type\":\"WebSocketClosedEvent\"}"}
{"level":20,"time":1701079378739,"pid":29328,"hostname":"DESKTOP-STI39UV","msg":"Node \"Haruka Music\" debug: connection: lavaclient <<< playerUpdate: {\"state\":{\"time\":1701079381508,\"position\":0,\"connected\":false,\"ping\":-1},\"guildId\":\"878766471537373184\",\"op\":\"playerUpdate\"}"}
{"level":20,"time":1701079381189,"pid":29328,"hostname":"DESKTOP-STI39UV","msg":"Node \"Haruka Music\" debug: connection: lavaclient <<< stats: {\"players\":1998,\"playingPlayers\":23,\"uptime\":843534203,\"memory\":{\"free\":672369384,\"used\":1718383896,\"allocated\":2390753280,\"reservable\":6442450944},\"cpu\":{\"cores\":8,\"systemLoad\":0.0,\"lavalinkLoad\":0.05319148936170213},\"op\":\"stats\"}"}
{"level":20,"time":1701079441188,"pid":29328,"hostname":"DESKTOP-STI39UV","msg":"Node \"Haruka Music\" debug: connection: lavaclient <<< stats: {\"players\":1998,\"playingPlayers\":23,\"uptime\":843594203,\"memory\":{\"free\":1041594192,\"used\":1349159088,\"allocated\":2390753280,\"reservable\":6442450944},\"cpu\":{\"cores\":8,\"systemLoad\":0.0,\"lavalinkLoad\":0.078125},\"op\":\"stats\"}"}
