{"level":30,"time":1697088939194,"pid":6468,"hostname":"DESKTOP-STI39UV","msg":"Validating config file and environment variables"}
{"level":30,"time":1697088940189,"pid":6468,"hostname":"DESKTOP-STI39UV","msg":"Loading commands..."}
{"level":20,"time":1697088943184,"pid":6468,"hostname":"DESKTOP-STI39UV","msg":"Skipping slash command avatar. Disabled!"}
{"level":20,"time":1697088943188,"pid":6468,"hostname":"DESKTOP-STI39UV","msg":"Skipping slash command botinvite. Disabled!"}
{"level":20,"time":1697088943990,"pid":6468,"hostname":"DESKTOP-STI39UV","msg":"Skipping slash command botstats. Disabled!"}
{"level":20,"time":1697088944053,"pid":6468,"hostname":"DESKTOP-STI39UV","msg":"Skipping slash command channelinfo. Disabled!"}
{"level":20,"time":1697088944058,"pid":6468,"hostname":"DESKTOP-STI39UV","msg":"Skipping slash command emojiinfo. Disabled!"}
{"level":20,"time":1697088944062,"pid":6468,"hostname":"DESKTOP-STI39UV","msg":"Skipping slash command guildinfo. Disabled!"}
{"level":20,"time":1697088944064,"pid":6468,"hostname":"DESKTOP-STI39UV","msg":"Skipping slash command uptime. Disabled!"}
{"level":20,"time":1697088944069,"pid":6468,"hostname":"DESKTOP-STI39UV","msg":"Skipping slash command userinfo. Disabled!"}
{"level":20,"time":1697088944181,"pid":6468,"hostname":"DESKTOP-STI39UV","msg":"Skipping command bot. Disabled!"}
{"level":20,"time":1697088944184,"pid":6468,"hostname":"DESKTOP-STI39UV","msg":"Skipping command info. Disabled!"}
{"level":20,"time":1697088944401,"pid":6468,"hostname":"DESKTOP-STI39UV","msg":"Skipping slash command deafen. Disabled!"}
{"level":20,"time":1697088944408,"pid":6468,"hostname":"DESKTOP-STI39UV","msg":"Skipping slash command disconnect. Disabled!"}
{"level":20,"time":1697088944413,"pid":6468,"hostname":"DESKTOP-STI39UV","msg":"Skipping slash command move. Disabled!"}
{"level":20,"time":1697088944435,"pid":6468,"hostname":"DESKTOP-STI39UV","msg":"Skipping slash command purge. Disabled!"}
{"level":20,"time":1697088944437,"pid":6468,"hostname":"DESKTOP-STI39UV","msg":"Skipping slash command purgeattach. Disabled!"}
{"level":20,"time":1697088944440,"pid":6468,"hostname":"DESKTOP-STI39UV","msg":"Skipping slash command purgebots. Disabled!"}
{"level":20,"time":1697088944443,"pid":6468,"hostname":"DESKTOP-STI39UV","msg":"Skipping slash command purgelinks. Disabled!"}
{"level":20,"time":1697088944445,"pid":6468,"hostname":"DESKTOP-STI39UV","msg":"Skipping slash command purgetoken. Disabled!"}
{"level":20,"time":1697088944448,"pid":6468,"hostname":"DESKTOP-STI39UV","msg":"Skipping slash command purgeuser. Disabled!"}
{"level":20,"time":1697088944486,"pid":6468,"hostname":"DESKTOP-STI39UV","msg":"Skipping slash command undeafen. Disabled!"}
{"level":20,"time":1697088944534,"pid":6468,"hostname":"DESKTOP-STI39UV","msg":"Skipping slash command vmute. Disabled!"}
{"level":20,"time":1697088944540,"pid":6468,"hostname":"DESKTOP-STI39UV","msg":"Skipping slash command vunmute. Disabled!"}
{"level":20,"time":1697088944548,"pid":6468,"hostname":"DESKTOP-STI39UV","msg":"Skipping command purge. Disabled!"}
{"level":20,"time":1697088944582,"pid":6468,"hostname":"DESKTOP-STI39UV","msg":"Skipping command voice. Disabled!"}
{"level":20,"time":1697088944834,"pid":6468,"hostname":"DESKTOP-STI39UV","msg":"Skipping slash command eval. Disabled!"}
{"level":20,"time":1697088944836,"pid":6468,"hostname":"DESKTOP-STI39UV","msg":"Skipping slash command leaveserver. Disabled!"}
{"level":20,"time":1697088944839,"pid":6468,"hostname":"DESKTOP-STI39UV","msg":"Skipping slash command listservers. Disabled!"}
{"level":30,"time":1697088945152,"pid":6468,"hostname":"DESKTOP-STI39UV","msg":"Loaded 88 commands"}
{"level":30,"time":1697088945152,"pid":6468,"hostname":"DESKTOP-STI39UV","msg":"Loaded 69 slash commands"}
{"level":30,"time":1697088945152,"pid":6468,"hostname":"DESKTOP-STI39UV","msg":"Loading contexts..."}
{"level":30,"time":1697088945189,"pid":6468,"hostname":"DESKTOP-STI39UV","msg":"Loaded 0 USER contexts"}
{"level":30,"time":1697088945189,"pid":6468,"hostname":"DESKTOP-STI39UV","msg":"Loaded 0 MESSAGE contexts"}
{"level":30,"time":1697088945190,"pid":6468,"hostname":"DESKTOP-STI39UV","msg":"Loading events..."}
{"level":30,"time":1697088945517,"pid":6468,"hostname":"DESKTOP-STI39UV","msg":"Loaded 15 events. Success (15) Failed (0)"}
{"level":30,"time":1697088947027,"pid":6468,"hostname":"DESKTOP-STI39UV","msg":"VersionCheck: Your discord bot is up to date"}
{"level":30,"time":1697088947028,"pid":6468,"hostname":"DESKTOP-STI39UV","msg":"Connecting to MongoDb..."}
{"level":30,"time":1697088948383,"pid":6468,"hostname":"DESKTOP-STI39UV","msg":"Mongoose: Database connection established"}
{"level":30,"time":1697088951091,"pid":6468,"hostname":"DESKTOP-STI39UV","msg":"Logged in as Haruka TESTER#6563! (854172168836481084)"}
{"level":20,"time":1697088951093,"pid":6468,"hostname":"DESKTOP-STI39UV","msg":"Node \"Haruka Music\" debug: connection: creating websocket..."}
{"level":30,"time":1697088951098,"pid":6468,"hostname":"DESKTOP-STI39UV","msg":"Music Manager initialized"}
{"level":30,"time":1697088951098,"pid":6468,"hostname":"DESKTOP-STI39UV","msg":"Initializing giveaways manager..."}
{"level":30,"time":1697088951413,"pid":6468,"hostname":"DESKTOP-STI39UV","msg":"Giveaway Manager initialized"}
{"level":20,"time":1697088951950,"pid":6468,"hostname":"DESKTOP-STI39UV","msg":"Node \"Haruka Music\" debug: connection: lavaclient <<< ready: {\"resumed\":false,\"sessionId\":\"447fvfp4tbr3lfxw\",\"op\":\"ready\"}"}
{"level":20,"time":1697088951952,"pid":6468,"hostname":"DESKTOP-STI39UV","msg":"Node \"Haruka Music\" debug: connection: lavaclient <<< stats: {\"players\":2,\"playingPlayers\":1,\"uptime\":531518442,\"memory\":{\"free\":277476368,\"used\":440798192,\"allocated\":718274560,\"reservable\":7889485824},\"cpu\":{\"cores\":8,\"systemLoad\":0.04427333974975938,\"lavalinkLoad\":0.004763719512195122},\"op\":\"stats\"}"}
{"level":30,"time":1697088951953,"pid":6468,"hostname":"DESKTOP-STI39UV","msg":"Node \"Haruka Music\" connected"}
{"level":20,"time":1697088951954,"pid":6468,"hostname":"DESKTOP-STI39UV","msg":"Node \"Haruka Music\" debug: connection: connected in 856ms"}
{"level":30,"time":1697088952327,"pid":6468,"hostname":"DESKTOP-STI39UV","msg":"Successfully registered interactions"}
{"level":20,"time":1697089011954,"pid":6468,"hostname":"DESKTOP-STI39UV","msg":"Node \"Haruka Music\" debug: connection: lavaclient <<< stats: {\"players\":2,\"playingPlayers\":1,\"uptime\":531578442,\"memory\":{\"free\":487137808,\"used\":231136752,\"allocated\":718274560,\"reservable\":7889485824},\"cpu\":{\"cores\":8,\"systemLoad\":0.034782608695652174,\"lavalinkLoad\":0.002860411899313501},\"op\":\"stats\"}"}
{"level":20,"time":1697089071907,"pid":6468,"hostname":"DESKTOP-STI39UV","msg":"Node \"Haruka Music\" debug: connection: lavaclient <<< stats: {\"players\":2,\"playingPlayers\":1,\"uptime\":531638442,\"memory\":{\"free\":475615248,\"used\":242659312,\"allocated\":718274560,\"reservable\":7889485824},\"cpu\":{\"cores\":8,\"systemLoad\":0.035783365570599614,\"lavalinkLoad\":0.002860411899313501},\"op\":\"stats\"}"}
{"level":20,"time":1697089131916,"pid":6468,"hostname":"DESKTOP-STI39UV","msg":"Node \"Haruka Music\" debug: connection: lavaclient <<< stats: {\"players\":2,\"playingPlayers\":1,\"uptime\":531698442,\"memory\":{\"free\":463560000,\"used\":254714560,\"allocated\":718274560,\"reservable\":7889485824},\"cpu\":{\"cores\":8,\"systemLoad\":0.044933078393881457,\"lavalinkLoad\":0.002860411899313501},\"op\":\"stats\"}"}
{"level":20,"time":1697089191905,"pid":6468,"hostname":"DESKTOP-STI39UV","msg":"Node \"Haruka Music\" debug: connection: lavaclient <<< stats: {\"players\":2,\"playingPlayers\":1,\"uptime\":531758442,\"memory\":{\"free\":450390488,\"used\":267884072,\"allocated\":718274560,\"reservable\":7889485824},\"cpu\":{\"cores\":8,\"systemLoad\":0.0367504835589942,\"lavalinkLoad\":0.002858231707317073},\"op\":\"stats\"}"}
{"level":20,"time":1697089251925,"pid":6468,"hostname":"DESKTOP-STI39UV","msg":"Node \"Haruka Music\" debug: connection: lavaclient <<< stats: {\"players\":2,\"playingPlayers\":1,\"uptime\":531818442,\"memory\":{\"free\":440487960,\"used\":277786600,\"allocated\":718274560,\"reservable\":7889485824},\"cpu\":{\"cores\":8,\"systemLoad\":0.04990403071017274,\"lavalinkLoad\":0.002860411899313501},\"op\":\"stats\"}"}
{"level":20,"time":1697089312035,"pid":6468,"hostname":"DESKTOP-STI39UV","msg":"Node \"Haruka Music\" debug: connection: lavaclient <<< stats: {\"players\":2,\"playingPlayers\":1,\"uptime\":531878442,\"memory\":{\"free\":415764760,\"used\":302509800,\"allocated\":718274560,\"reservable\":7889485824},\"cpu\":{\"cores\":8,\"systemLoad\":0.038535645472061654,\"lavalinkLoad\":0.0019069412662090007},\"op\":\"stats\"}"}
{"level":20,"time":1697089363720,"pid":6468,"hostname":"DESKTOP-STI39UV","msg":"Node \"Haruka Music\" debug: rest: + GET /loadtracks?identifier=ytsearch%3Aamerta"}
{"level":20,"time":1697089363948,"pid":6468,"hostname":"DESKTOP-STI39UV","msg":"Node \"Haruka Music\" debug: [player 878766471537373184] voice: updating voice status in guild=878766471537373184, channel=null"}
{"level":20,"time":1697089363950,"pid":6468,"hostname":"DESKTOP-STI39UV","msg":"Node \"Haruka Music\" debug: connection: lavaclient >>> play: {\"op\":\"play\",\"track\":\"QAAAmgIAMFJFVkVOR0UgVEhFIEZBVEUgLSBBTUVSVEEgKE9mZmljaWFsIE11c2ljIFZpZGVvKQAQUmV2ZW5nZSBUaGUgRmF0ZQAAAAAABAsoAAt3aUJTaERWRnJJYwABACtodHRwczovL3d3dy55b3V0dWJlLmNvbS93YXRjaD92PXdpQlNoRFZGckljAAd5b3V0dWJlAAAAAAAAAAA=\",\"guildId\":\"878766471537373184\"}"}
{"level":20,"time":1697089364196,"pid":6468,"hostname":"DESKTOP-STI39UV","msg":"Node \"Haruka Music\" debug: connection: lavaclient <<< event: {\"encodedTrack\":\"QAAAmgIAMFJFVkVOR0UgVEhFIEZBVEUgLSBBTUVSVEEgKE9mZmljaWFsIE11c2ljIFZpZGVvKQAQUmV2ZW5nZSBUaGUgRmF0ZQAAAAAABAsoAAt3aUJTaERWRnJJYwABACtodHRwczovL3d3dy55b3V0dWJlLmNvbS93YXRjaD92PXdpQlNoRFZGckljAAd5b3V0dWJlAAAAAAAAAAA=\",\"track\":\"QAAAmgIAMFJFVkVOR0UgVEhFIEZBVEUgLSBBTUVSVEEgKE9mZmljaWFsIE11c2ljIFZpZGVvKQAQUmV2ZW5nZSBUaGUgRmF0ZQAAAAAABAsoAAt3aUJTaERWRnJJYwABACtodHRwczovL3d3dy55b3V0dWJlLmNvbS93YXRjaD92PXdpQlNoRFZGckljAAd5b3V0dWJlAAAAAAAAAAA=\",\"guildId\":\"878766471537373184\",\"op\":\"event\",\"type\":\"TrackStartEvent\"}"}
{"level":20,"time":1697089364196,"pid":6468,"hostname":"DESKTOP-STI39UV","msg":"Node \"Haruka Music\" debug: connection: lavaclient <<< playerUpdate: {\"state\":{\"time\":1697089364665,\"position\":0,\"connected\":false,\"ping\":-1},\"guildId\":\"878766471537373184\",\"op\":\"playerUpdate\"}"}
{"level":20,"time":1697089364198,"pid":6468,"hostname":"DESKTOP-STI39UV","msg":"Node \"Haruka Music\" debug: connection: lavaclient <<< playerUpdate: {\"state\":{\"time\":1697089364665,\"position\":0,\"connected\":false,\"ping\":-1},\"guildId\":\"878766471537373184\",\"op\":\"playerUpdate\"}"}
{"level":20,"time":1697089364557,"pid":6468,"hostname":"DESKTOP-STI39UV","msg":"Node \"Haruka Music\" debug: [player 878766471537373184] voice: submitting voice update"}
{"level":20,"time":1697089364557,"pid":6468,"hostname":"DESKTOP-STI39UV","msg":"Node \"Haruka Music\" debug: connection: lavaclient >>> voiceUpdate: {\"op\":\"voiceUpdate\",\"guildId\":\"878766471537373184\",\"sessionId\":\"3fb9f5c351809013df951fb0867dee5a\",\"event\":{\"token\":\"393113cab75c4ffa\",\"guild_id\":\"878766471537373184\",\"endpoint\":\"singapore11072.discord.media:443\"}}"}
{"level":20,"time":1697089365484,"pid":6468,"hostname":"DESKTOP-STI39UV","msg":"Node \"Haruka Music\" debug: connection: lavaclient <<< playerUpdate: {\"state\":{\"time\":1697089365967,\"position\":0,\"connected\":true,\"ping\":0},\"guildId\":\"878766471537373184\",\"op\":\"playerUpdate\"}"}
{"level":20,"time":1697089369192,"pid":6468,"hostname":"DESKTOP-STI39UV","msg":"Node \"Haruka Music\" debug: connection: lavaclient <<< playerUpdate: {\"state\":{\"time\":1697089369664,\"position\":3660,\"connected\":true,\"ping\":0},\"guildId\":\"878766471537373184\",\"op\":\"playerUpdate\"}"}
{"level":20,"time":1697089371922,"pid":6468,"hostname":"DESKTOP-STI39UV","msg":"Node \"Haruka Music\" debug: connection: lavaclient <<< stats: {\"players\":2,\"playingPlayers\":1,\"uptime\":531938442,\"memory\":{\"free\":371792560,\"used\":346482000,\"allocated\":718274560,\"reservable\":7889485824},\"cpu\":{\"cores\":8,\"systemLoad\":0.04154589371980676,\"lavalinkLoad\":0.0019069412662090007},\"op\":\"stats\"}"}
{"level":20,"time":1697089374193,"pid":6468,"hostname":"DESKTOP-STI39UV","msg":"Node \"Haruka Music\" debug: connection: lavaclient <<< playerUpdate: {\"state\":{\"time\":1697089374664,\"position\":8660,\"connected\":true,\"ping\":0},\"guildId\":\"878766471537373184\",\"op\":\"playerUpdate\"}"}
{"level":20,"time":1697089379298,"pid":6468,"hostname":"DESKTOP-STI39UV","msg":"Node \"Haruka Music\" debug: connection: lavaclient <<< playerUpdate: {\"state\":{\"time\":1697089379664,\"position\":13660,\"connected\":true,\"ping\":0},\"guildId\":\"878766471537373184\",\"op\":\"playerUpdate\"}"}
{"level":20,"time":1697089384189,"pid":6468,"hostname":"DESKTOP-STI39UV","msg":"Node \"Haruka Music\" debug: connection: lavaclient <<< playerUpdate: {\"state\":{\"time\":1697089384664,\"position\":18660,\"connected\":true,\"ping\":158},\"guildId\":\"878766471537373184\",\"op\":\"playerUpdate\"}"}
{"level":20,"time":1697089389219,"pid":6468,"hostname":"DESKTOP-STI39UV","msg":"Node \"Haruka Music\" debug: connection: lavaclient <<< playerUpdate: {\"state\":{\"time\":1697089389664,\"position\":23660,\"connected\":true,\"ping\":158},\"guildId\":\"878766471537373184\",\"op\":\"playerUpdate\"}"}
{"level":20,"time":1697089394204,"pid":6468,"hostname":"DESKTOP-STI39UV","msg":"Node \"Haruka Music\" debug: connection: lavaclient <<< playerUpdate: {\"state\":{\"time\":1697089394664,\"position\":28660,\"connected\":true,\"ping\":160},\"guildId\":\"878766471537373184\",\"op\":\"playerUpdate\"}"}
{"level":20,"time":1697089399377,"pid":6468,"hostname":"DESKTOP-STI39UV","msg":"Node \"Haruka Music\" debug: connection: lavaclient <<< playerUpdate: {\"state\":{\"time\":1697089399664,\"position\":33660,\"connected\":true,\"ping\":160},\"guildId\":\"878766471537373184\",\"op\":\"playerUpdate\"}"}
{"level":20,"time":1697089404228,"pid":6468,"hostname":"DESKTOP-STI39UV","msg":"Node \"Haruka Music\" debug: connection: lavaclient <<< playerUpdate: {\"state\":{\"time\":1697089404664,\"position\":38660,\"connected\":true,\"ping\":160},\"guildId\":\"878766471537373184\",\"op\":\"playerUpdate\"}"}
{"level":20,"time":1697089409212,"pid":6468,"hostname":"DESKTOP-STI39UV","msg":"Node \"Haruka Music\" debug: connection: lavaclient <<< playerUpdate: {\"state\":{\"time\":1697089409664,\"position\":43660,\"connected\":true,\"ping\":161},\"guildId\":\"878766471537373184\",\"op\":\"playerUpdate\"}"}
{"level":20,"time":1697089414204,"pid":6468,"hostname":"DESKTOP-STI39UV","msg":"Node \"Haruka Music\" debug: connection: lavaclient <<< playerUpdate: {\"state\":{\"time\":1697089414664,\"position\":48660,\"connected\":true,\"ping\":161},\"guildId\":\"878766471537373184\",\"op\":\"playerUpdate\"}"}
{"level":20,"time":1697089419202,"pid":6468,"hostname":"DESKTOP-STI39UV","msg":"Node \"Haruka Music\" debug: connection: lavaclient <<< playerUpdate: {\"state\":{\"time\":1697089419664,\"position\":53660,\"connected\":true,\"ping\":161},\"guildId\":\"878766471537373184\",\"op\":\"playerUpdate\"}"}
{"level":20,"time":1697089424198,"pid":6468,"hostname":"DESKTOP-STI39UV","msg":"Node \"Haruka Music\" debug: connection: lavaclient <<< playerUpdate: {\"state\":{\"time\":1697089424664,\"position\":58660,\"connected\":true,\"ping\":158},\"guildId\":\"878766471537373184\",\"op\":\"playerUpdate\"}"}
{"level":20,"time":1697089429203,"pid":6468,"hostname":"DESKTOP-STI39UV","msg":"Node \"Haruka Music\" debug: connection: lavaclient <<< playerUpdate: {\"state\":{\"time\":1697089429664,\"position\":63660,\"connected\":true,\"ping\":158},\"guildId\":\"878766471537373184\",\"op\":\"playerUpdate\"}"}
{"level":20,"time":1697089431938,"pid":6468,"hostname":"DESKTOP-STI39UV","msg":"Node \"Haruka Music\" debug: connection: lavaclient <<< stats: {\"players\":2,\"playingPlayers\":1,\"uptime\":531998442,\"memory\":{\"free\":360177400,\"used\":358097160,\"allocated\":718274560,\"reservable\":7889485824},\"cpu\":{\"cores\":8,\"systemLoad\":0.04326923076923077,\"lavalinkLoad\":0.002860411899313501},\"op\":\"stats\"}"}
{"level":20,"time":1697089434332,"pid":6468,"hostname":"DESKTOP-STI39UV","msg":"Node \"Haruka Music\" debug: connection: lavaclient <<< playerUpdate: {\"state\":{\"time\":1697089434664,\"position\":68660,\"connected\":true,\"ping\":158},\"guildId\":\"878766471537373184\",\"op\":\"playerUpdate\"}"}
{"level":20,"time":1697089439200,"pid":6468,"hostname":"DESKTOP-STI39UV","msg":"Node \"Haruka Music\" debug: connection: lavaclient <<< playerUpdate: {\"state\":{\"time\":1697089439664,\"position\":73660,\"connected\":true,\"ping\":158},\"guildId\":\"878766471537373184\",\"op\":\"playerUpdate\"}"}
{"level":20,"time":1697089444218,"pid":6468,"hostname":"DESKTOP-STI39UV","msg":"Node \"Haruka Music\" debug: connection: lavaclient <<< playerUpdate: {\"state\":{\"time\":1697089444664,\"position\":78660,\"connected\":true,\"ping\":158},\"guildId\":\"878766471537373184\",\"op\":\"playerUpdate\"}"}
{"level":20,"time":1697089449211,"pid":6468,"hostname":"DESKTOP-STI39UV","msg":"Node \"Haruka Music\" debug: connection: lavaclient <<< playerUpdate: {\"state\":{\"time\":1697089449664,\"position\":83660,\"connected\":true,\"ping\":159},\"guildId\":\"878766471537373184\",\"op\":\"playerUpdate\"}"}
{"level":20,"time":1697089454209,"pid":6468,"hostname":"DESKTOP-STI39UV","msg":"Node \"Haruka Music\" debug: connection: lavaclient <<< playerUpdate: {\"state\":{\"time\":1697089454664,\"position\":88660,\"connected\":true,\"ping\":159},\"guildId\":\"878766471537373184\",\"op\":\"playerUpdate\"}"}
{"level":20,"time":1697089459211,"pid":6468,"hostname":"DESKTOP-STI39UV","msg":"Node \"Haruka Music\" debug: connection: lavaclient <<< playerUpdate: {\"state\":{\"time\":1697089459664,\"position\":93660,\"connected\":true,\"ping\":159},\"guildId\":\"878766471537373184\",\"op\":\"playerUpdate\"}"}
{"level":20,"time":1697089464210,"pid":6468,"hostname":"DESKTOP-STI39UV","msg":"Node \"Haruka Music\" debug: connection: lavaclient <<< playerUpdate: {\"state\":{\"time\":1697089464664,\"position\":98660,\"connected\":true,\"ping\":159},\"guildId\":\"878766471537373184\",\"op\":\"playerUpdate\"}"}
{"level":20,"time":1697089469207,"pid":6468,"hostname":"DESKTOP-STI39UV","msg":"Node \"Haruka Music\" debug: connection: lavaclient <<< playerUpdate: {\"state\":{\"time\":1697089469664,\"position\":103660,\"connected\":true,\"ping\":159},\"guildId\":\"878766471537373184\",\"op\":\"playerUpdate\"}"}
{"level":20,"time":1697089474207,"pid":6468,"hostname":"DESKTOP-STI39UV","msg":"Node \"Haruka Music\" debug: connection: lavaclient <<< playerUpdate: {\"state\":{\"time\":1697089474664,\"position\":108660,\"connected\":true,\"ping\":159},\"guildId\":\"878766471537373184\",\"op\":\"playerUpdate\"}"}
{"level":20,"time":1697089479205,"pid":6468,"hostname":"DESKTOP-STI39UV","msg":"Node \"Haruka Music\" debug: connection: lavaclient <<< playerUpdate: {\"state\":{\"time\":1697089479664,\"position\":113660,\"connected\":true,\"ping\":161},\"guildId\":\"878766471537373184\",\"op\":\"playerUpdate\"}"}
{"level":20,"time":1697089484210,"pid":6468,"hostname":"DESKTOP-STI39UV","msg":"Node \"Haruka Music\" debug: connection: lavaclient <<< playerUpdate: {\"state\":{\"time\":1697089484664,\"position\":118660,\"connected\":true,\"ping\":161},\"guildId\":\"878766471537373184\",\"op\":\"playerUpdate\"}"}
{"level":20,"time":1697089489208,"pid":6468,"hostname":"DESKTOP-STI39UV","msg":"Node \"Haruka Music\" debug: connection: lavaclient <<< playerUpdate: {\"state\":{\"time\":1697089489664,\"position\":123660,\"connected\":true,\"ping\":161},\"guildId\":\"878766471537373184\",\"op\":\"playerUpdate\"}"}
{"level":20,"time":1697089491950,"pid":6468,"hostname":"DESKTOP-STI39UV","msg":"Node \"Haruka Music\" debug: connection: lavaclient <<< stats: {\"frameStats\":{\"sent\":3002,\"nulled\":0,\"deficit\":-2},\"players\":2,\"playingPlayers\":1,\"uptime\":532058442,\"memory\":{\"free\":347681176,\"used\":370593384,\"allocated\":718274560,\"reservable\":7889485824},\"cpu\":{\"cores\":8,\"systemLoad\":0.03961352657004831,\"lavalinkLoad\":0.0019069412662090007},\"op\":\"stats\"}"}
{"level":20,"time":1697089494302,"pid":6468,"hostname":"DESKTOP-STI39UV","msg":"Node \"Haruka Music\" debug: connection: lavaclient <<< playerUpdate: {\"state\":{\"time\":1697089494664,\"position\":128660,\"connected\":true,\"ping\":160},\"guildId\":\"878766471537373184\",\"op\":\"playerUpdate\"}"}
{"level":20,"time":1697089499226,"pid":6468,"hostname":"DESKTOP-STI39UV","msg":"Node \"Haruka Music\" debug: connection: lavaclient <<< playerUpdate: {\"state\":{\"time\":1697089499664,\"position\":133660,\"connected\":true,\"ping\":160},\"guildId\":\"878766471537373184\",\"op\":\"playerUpdate\"}"}
{"level":20,"time":1697089504526,"pid":6468,"hostname":"DESKTOP-STI39UV","msg":"Node \"Haruka Music\" debug: connection: lavaclient <<< playerUpdate: {\"state\":{\"time\":1697089504664,\"position\":138660,\"connected\":true,\"ping\":158},\"guildId\":\"878766471537373184\",\"op\":\"playerUpdate\"}"}
{"level":20,"time":1697089509311,"pid":6468,"hostname":"DESKTOP-STI39UV","msg":"Node \"Haruka Music\" debug: connection: lavaclient <<< playerUpdate: {\"state\":{\"time\":1697089509664,\"position\":143660,\"connected\":true,\"ping\":158},\"guildId\":\"878766471537373184\",\"op\":\"playerUpdate\"}"}
{"level":20,"time":1697089514232,"pid":6468,"hostname":"DESKTOP-STI39UV","msg":"Node \"Haruka Music\" debug: connection: lavaclient <<< playerUpdate: {\"state\":{\"time\":1697089514664,\"position\":148660,\"connected\":true,\"ping\":158},\"guildId\":\"878766471537373184\",\"op\":\"playerUpdate\"}"}
{"level":20,"time":1697089519253,"pid":6468,"hostname":"DESKTOP-STI39UV","msg":"Node \"Haruka Music\" debug: connection: lavaclient <<< playerUpdate: {\"state\":{\"time\":1697089519664,\"position\":153660,\"connected\":true,\"ping\":161},\"guildId\":\"878766471537373184\",\"op\":\"playerUpdate\"}"}
{"level":20,"time":1697089524240,"pid":6468,"hostname":"DESKTOP-STI39UV","msg":"Node \"Haruka Music\" debug: connection: lavaclient <<< playerUpdate: {\"state\":{\"time\":1697089524664,\"position\":158660,\"connected\":true,\"ping\":161},\"guildId\":\"878766471537373184\",\"op\":\"playerUpdate\"}"}
{"level":20,"time":1697089529351,"pid":6468,"hostname":"DESKTOP-STI39UV","msg":"Node \"Haruka Music\" debug: connection: lavaclient <<< playerUpdate: {\"state\":{\"time\":1697089529664,\"position\":163660,\"connected\":true,\"ping\":161},\"guildId\":\"878766471537373184\",\"op\":\"playerUpdate\"}"}
{"level":20,"time":1697089529928,"pid":6468,"hostname":"DESKTOP-STI39UV","msg":"Node \"Haruka Music\" debug: [player 878766471537373184] voice: updating voice status in guild=878766471537373184, channel=1080827741353554011"}
{"level":20,"time":1697089529929,"pid":6468,"hostname":"DESKTOP-STI39UV","msg":"Node \"Haruka Music\" debug: connection: lavaclient >>> destroy: {\"op\":\"destroy\",\"guildId\":\"878766471537373184\"}"}
{"level":20,"time":1697089530161,"pid":6468,"hostname":"DESKTOP-STI39UV","msg":"Node \"Haruka Music\" debug: connection: lavaclient <<< event: {\"encodedTrack\":\"QAAAmgIAMFJFVkVOR0UgVEhFIEZBVEUgLSBBTUVSVEEgKE9mZmljaWFsIE11c2ljIFZpZGVvKQAQUmV2ZW5nZSBUaGUgRmF0ZQAAAAAABAsoAAt3aUJTaERWRnJJYwABACtodHRwczovL3d3dy55b3V0dWJlLmNvbS93YXRjaD92PXdpQlNoRFZGckljAAd5b3V0dWJlAAAAAAACguQ=\",\"track\":\"QAAAmgIAMFJFVkVOR0UgVEhFIEZBVEUgLSBBTUVSVEEgKE9mZmljaWFsIE11c2ljIFZpZGVvKQAQUmV2ZW5nZSBUaGUgRmF0ZQAAAAAABAsoAAt3aUJTaERWRnJJYwABACtodHRwczovL3d3dy55b3V0dWJlLmNvbS93YXRjaD92PXdpQlNoRFZGckljAAd5b3V0dWJlAAAAAAACguQ=\",\"reason\":\"STOPPED\",\"guildId\":\"878766471537373184\",\"op\":\"event\",\"type\":\"TrackEndEvent\"}"}
{"level":20,"time":1697089530161,"pid":6468,"hostname":"DESKTOP-STI39UV","msg":"Node \"Haruka Music\" debug: connection: lavaclient <<< event: {\"code\":1000,\"reason\":\"\",\"byRemote\":false,\"guildId\":\"878766471537373184\",\"op\":\"event\",\"type\":\"WebSocketClosedEvent\"}"}
{"level":20,"time":1697089530162,"pid":6468,"hostname":"DESKTOP-STI39UV","msg":"Node \"Haruka Music\" debug: connection: lavaclient <<< playerUpdate: {\"state\":{\"time\":1697089530585,\"position\":0,\"connected\":false,\"ping\":-1},\"guildId\":\"878766471537373184\",\"op\":\"playerUpdate\"}"}
