{"level":30,"time":1699973229642,"pid":2684,"hostname":"DESKTOP-STI39UV","msg":"Validating config file and environment variables"}
{"level":30,"time":1699973230569,"pid":2684,"hostname":"DESKTOP-STI39UV","msg":"Loading commands..."}
{"level":20,"time":1699973231884,"pid":2684,"hostname":"DESKTOP-STI39UV","msg":"Skipping slash command avatar. Disabled!"}
{"level":20,"time":1699973231894,"pid":2684,"hostname":"DESKTOP-STI39UV","msg":"Skipping slash command botinvite. Disabled!"}
{"level":20,"time":1699973232090,"pid":2684,"hostname":"DESKTOP-STI39UV","msg":"Skipping slash command botstats. Disabled!"}
{"level":20,"time":1699973232103,"pid":2684,"hostname":"DESKTOP-STI39UV","msg":"Skipping slash command channelinfo. Disabled!"}
{"level":20,"time":1699973232142,"pid":2684,"hostname":"DESKTOP-STI39UV","msg":"Skipping slash command emojiinfo. Disabled!"}
{"level":20,"time":1699973232152,"pid":2684,"hostname":"DESKTOP-STI39UV","msg":"Skipping slash command guildinfo. Disabled!"}
{"level":20,"time":1699973232159,"pid":2684,"hostname":"DESKTOP-STI39UV","msg":"Skipping slash command uptime. Disabled!"}
{"level":20,"time":1699973232168,"pid":2684,"hostname":"DESKTOP-STI39UV","msg":"Skipping slash command userinfo. Disabled!"}
{"level":20,"time":1699973232185,"pid":2684,"hostname":"DESKTOP-STI39UV","msg":"Skipping command bot. Disabled!"}
{"level":20,"time":1699973232192,"pid":2684,"hostname":"DESKTOP-STI39UV","msg":"Skipping command info. Disabled!"}
{"level":20,"time":1699973232291,"pid":2684,"hostname":"DESKTOP-STI39UV","msg":"Skipping slash command deafen. Disabled!"}
{"level":20,"time":1699973232301,"pid":2684,"hostname":"DESKTOP-STI39UV","msg":"Skipping slash command disconnect. Disabled!"}
{"level":20,"time":1699973232310,"pid":2684,"hostname":"DESKTOP-STI39UV","msg":"Skipping slash command move. Disabled!"}
{"level":20,"time":1699973232319,"pid":2684,"hostname":"DESKTOP-STI39UV","msg":"Skipping slash command purge. Disabled!"}
{"level":20,"time":1699973232323,"pid":2684,"hostname":"DESKTOP-STI39UV","msg":"Skipping slash command purgeattach. Disabled!"}
{"level":20,"time":1699973232328,"pid":2684,"hostname":"DESKTOP-STI39UV","msg":"Skipping slash command purgebots. Disabled!"}
{"level":20,"time":1699973232335,"pid":2684,"hostname":"DESKTOP-STI39UV","msg":"Skipping slash command purgelinks. Disabled!"}
{"level":20,"time":1699973232339,"pid":2684,"hostname":"DESKTOP-STI39UV","msg":"Skipping slash command purgetoken. Disabled!"}
{"level":20,"time":1699973232343,"pid":2684,"hostname":"DESKTOP-STI39UV","msg":"Skipping slash command purgeuser. Disabled!"}
{"level":20,"time":1699973232352,"pid":2684,"hostname":"DESKTOP-STI39UV","msg":"Skipping slash command undeafen. Disabled!"}
{"level":20,"time":1699973232363,"pid":2684,"hostname":"DESKTOP-STI39UV","msg":"Skipping slash command vmute. Disabled!"}
{"level":20,"time":1699973232377,"pid":2684,"hostname":"DESKTOP-STI39UV","msg":"Skipping slash command vunmute. Disabled!"}
{"level":20,"time":1699973232390,"pid":2684,"hostname":"DESKTOP-STI39UV","msg":"Skipping command purge. Disabled!"}
{"level":20,"time":1699973232397,"pid":2684,"hostname":"DESKTOP-STI39UV","msg":"Skipping command voice. Disabled!"}
{"level":20,"time":1699973232587,"pid":2684,"hostname":"DESKTOP-STI39UV","msg":"Skipping slash command eval. Disabled!"}
{"level":20,"time":1699973232593,"pid":2684,"hostname":"DESKTOP-STI39UV","msg":"Skipping slash command leaveserver. Disabled!"}
{"level":20,"time":1699973232598,"pid":2684,"hostname":"DESKTOP-STI39UV","msg":"Skipping slash command listservers. Disabled!"}
{"level":20,"time":1699973232603,"pid":2684,"hostname":"DESKTOP-STI39UV","msg":"Skipping slash command restart. Disabled!"}
{"level":30,"time":1699973232801,"pid":2684,"hostname":"DESKTOP-STI39UV","msg":"Loaded 89 commands"}
{"level":30,"time":1699973232801,"pid":2684,"hostname":"DESKTOP-STI39UV","msg":"Loaded 69 slash commands"}
{"level":30,"time":1699973232803,"pid":2684,"hostname":"DESKTOP-STI39UV","msg":"Loading contexts..."}
{"level":30,"time":1699973232812,"pid":2684,"hostname":"DESKTOP-STI39UV","msg":"Loaded 0 USER contexts"}
{"level":30,"time":1699973232813,"pid":2684,"hostname":"DESKTOP-STI39UV","msg":"Loaded 0 MESSAGE contexts"}
{"level":30,"time":1699973232814,"pid":2684,"hostname":"DESKTOP-STI39UV","msg":"Loading events..."}
{"level":30,"time":1699973233094,"pid":2684,"hostname":"DESKTOP-STI39UV","msg":"Loaded 15 events. Success (15) Failed (0)"}
{"level":30,"time":1699973233994,"pid":2684,"hostname":"DESKTOP-STI39UV","msg":"VersionCheck: Your discord bot is up to date"}
{"level":30,"time":1699973233994,"pid":2684,"hostname":"DESKTOP-STI39UV","msg":"Connecting to MongoDb..."}
{"level":30,"time":1699973234691,"pid":2684,"hostname":"DESKTOP-STI39UV","msg":"Mongoose: Database connection established"}
{"level":30,"time":1699973236304,"pid":2684,"hostname":"DESKTOP-STI39UV","msg":"Logged in as Haruka TESTER#6563! (854172168836481084)"}
{"level":20,"time":1699973236312,"pid":2684,"hostname":"DESKTOP-STI39UV","msg":"Node \"Haruka Music\" debug: connection: creating websocket..."}
{"level":30,"time":1699973236317,"pid":2684,"hostname":"DESKTOP-STI39UV","msg":"Music Manager initialized"}
{"level":30,"time":1699973236319,"pid":2684,"hostname":"DESKTOP-STI39UV","msg":"Initializing giveaways manager..."}
{"level":30,"time":1699973236416,"pid":2684,"hostname":"DESKTOP-STI39UV","msg":"Giveaway Manager initialized"}
{"level":30,"time":1699973236847,"pid":2684,"hostname":"DESKTOP-STI39UV","msg":"Node \"Haruka Music\" connected"}
{"level":20,"time":1699973236848,"pid":2684,"hostname":"DESKTOP-STI39UV","msg":"Node \"Haruka Music\" debug: connection: connected in 531ms"}
{"level":20,"time":1699973236849,"pid":2684,"hostname":"DESKTOP-STI39UV","msg":"Node \"Haruka Music\" debug: connection: lavaclient <<< ready: {\"resumed\":false,\"sessionId\":\"xgz4ji8df9iwggb9\",\"op\":\"ready\"}"}
{"level":20,"time":1699973236850,"pid":2684,"hostname":"DESKTOP-STI39UV","msg":"Node \"Haruka Music\" debug: connection: lavaclient <<< stats: {\"players\":4,\"playingPlayers\":0,\"uptime\":113190669,\"memory\":{\"free\":247640672,\"used\":453856672,\"allocated\":701497344,\"reservable\":7889485824},\"cpu\":{\"cores\":8,\"systemLoad\":0.004051155770911113,\"lavalinkLoad\":0.002455640050697085},\"op\":\"stats\"}"}
{"level":30,"time":1699973237023,"pid":2684,"hostname":"DESKTOP-STI39UV","msg":"Successfully registered interactions"}
{"level":20,"time":1699973296849,"pid":2684,"hostname":"DESKTOP-STI39UV","msg":"Node \"Haruka Music\" debug: connection: lavaclient <<< stats: {\"players\":4,\"playingPlayers\":0,\"uptime\":113250668,\"memory\":{\"free\":244663536,\"used\":456833808,\"allocated\":701497344,\"reservable\":7889485824},\"cpu\":{\"cores\":8,\"systemLoad\":0.004132559802908687,\"lavalinkLoad\":0.0022182786157941437},\"op\":\"stats\"}"}
{"level":20,"time":1699973356853,"pid":2684,"hostname":"DESKTOP-STI39UV","msg":"Node \"Haruka Music\" debug: connection: lavaclient <<< stats: {\"players\":4,\"playingPlayers\":0,\"uptime\":113310668,\"memory\":{\"free\":240266216,\"used\":461231128,\"allocated\":701497344,\"reservable\":7889485824},\"cpu\":{\"cores\":8,\"systemLoad\":0.0037337146488719414,\"lavalinkLoad\":0.0020598301432374192},\"op\":\"stats\"}"}
{"level":20,"time":1699973408197,"pid":2684,"hostname":"DESKTOP-STI39UV","msg":"Node \"Haruka Music\" debug: rest: + GET /loadtracks?identifier=ytsearch%3Ayummy"}
{"level":20,"time":1699973408379,"pid":2684,"hostname":"DESKTOP-STI39UV","msg":"Node \"Haruka Music\" debug: [player 878766471537373184] voice: updating voice status in guild=878766471537373184, channel=null"}
{"level":20,"time":1699973408382,"pid":2684,"hostname":"DESKTOP-STI39UV","msg":"Node \"Haruka Music\" debug: connection: lavaclient >>> play: {\"op\":\"play\",\"track\":\"QAAAjQIAJkp1c3RpbiBCaWViZXIgLSBZdW1teSAoT2ZmaWNpYWwgVmlkZW8pAA1KdXN0aW4gQmllYmVyAAAAAAADhlgACzhFSjN6YktUV1E4AAEAK2h0dHBzOi8vd3d3LnlvdXR1YmUuY29tL3dhdGNoP3Y9OEVKM3piS1RXUTgAB3lvdXR1YmUAAAAAAAAAAA==\",\"guildId\":\"878766471537373184\"}"}
{"level":20,"time":1699973408596,"pid":2684,"hostname":"DESKTOP-STI39UV","msg":"Node \"Haruka Music\" debug: connection: lavaclient <<< event: {\"encodedTrack\":\"QAAAjQIAJkp1c3RpbiBCaWViZXIgLSBZdW1teSAoT2ZmaWNpYWwgVmlkZW8pAA1KdXN0aW4gQmllYmVyAAAAAAADhlgACzhFSjN6YktUV1E4AAEAK2h0dHBzOi8vd3d3LnlvdXR1YmUuY29tL3dhdGNoP3Y9OEVKM3piS1RXUTgAB3lvdXR1YmUAAAAAAAAAAA==\",\"track\":\"QAAAjQIAJkp1c3RpbiBCaWViZXIgLSBZdW1teSAoT2ZmaWNpYWwgVmlkZW8pAA1KdXN0aW4gQmllYmVyAAAAAAADhlgACzhFSjN6YktUV1E4AAEAK2h0dHBzOi8vd3d3LnlvdXR1YmUuY29tL3dhdGNoP3Y9OEVKM3piS1RXUTgAB3lvdXR1YmUAAAAAAAAAAA==\",\"guildId\":\"878766471537373184\",\"op\":\"event\",\"type\":\"TrackStartEvent\"}"}
{"level":20,"time":1699973408597,"pid":2684,"hostname":"DESKTOP-STI39UV","msg":"Node \"Haruka Music\" debug: connection: lavaclient <<< playerUpdate: {\"state\":{\"time\":1699978970466,\"position\":0,\"connected\":false,\"ping\":-1},\"guildId\":\"878766471537373184\",\"op\":\"playerUpdate\"}"}
{"level":20,"time":1699973408599,"pid":2684,"hostname":"DESKTOP-STI39UV","msg":"Node \"Haruka Music\" debug: connection: lavaclient <<< playerUpdate: {\"state\":{\"time\":1699978970467,\"position\":0,\"connected\":false,\"ping\":-1},\"guildId\":\"878766471537373184\",\"op\":\"playerUpdate\"}"}
{"level":20,"time":1699973408865,"pid":2684,"hostname":"DESKTOP-STI39UV","msg":"Node \"Haruka Music\" debug: [player 878766471537373184] voice: submitting voice update"}
{"level":20,"time":1699973408866,"pid":2684,"hostname":"DESKTOP-STI39UV","msg":"Node \"Haruka Music\" debug: connection: lavaclient >>> voiceUpdate: {\"op\":\"voiceUpdate\",\"guildId\":\"878766471537373184\",\"sessionId\":\"68dbab62b5df3dcdde91350c6dd6246d\",\"event\":{\"token\":\"f713e9c2a74fd4ec\",\"guild_id\":\"878766471537373184\",\"endpoint\":\"singapore4823.discord.media:443\"}}"}
{"level":20,"time":1699973409790,"pid":2684,"hostname":"DESKTOP-STI39UV","msg":"Node \"Haruka Music\" debug: connection: lavaclient <<< playerUpdate: {\"state\":{\"time\":1699978971675,\"position\":0,\"connected\":true,\"ping\":0},\"guildId\":\"878766471537373184\",\"op\":\"playerUpdate\"}"}
{"level":20,"time":1699973413584,"pid":2684,"hostname":"DESKTOP-STI39UV","msg":"Node \"Haruka Music\" debug: connection: lavaclient <<< playerUpdate: {\"state\":{\"time\":1699978975464,\"position\":3860,\"connected\":true,\"ping\":0},\"guildId\":\"878766471537373184\",\"op\":\"playerUpdate\"}"}
{"level":20,"time":1699973416847,"pid":2684,"hostname":"DESKTOP-STI39UV","msg":"Node \"Haruka Music\" debug: connection: lavaclient <<< stats: {\"players\":5,\"playingPlayers\":1,\"uptime\":113370668,\"memory\":{\"free\":201532800,\"used\":499964544,\"allocated\":701497344,\"reservable\":7889485824},\"cpu\":{\"cores\":8,\"systemLoad\":0.00763237398632533,\"lavalinkLoad\":0.007050957028774243},\"op\":\"stats\"}"}
{"level":20,"time":1699973418588,"pid":2684,"hostname":"DESKTOP-STI39UV","msg":"Node \"Haruka Music\" debug: connection: lavaclient <<< playerUpdate: {\"state\":{\"time\":1699978980464,\"position\":8860,\"connected\":true,\"ping\":0},\"guildId\":\"878766471537373184\",\"op\":\"playerUpdate\"}"}
{"level":20,"time":1699973423581,"pid":2684,"hostname":"DESKTOP-STI39UV","msg":"Node \"Haruka Music\" debug: connection: lavaclient <<< playerUpdate: {\"state\":{\"time\":1699978985464,\"position\":13860,\"connected\":true,\"ping\":163},\"guildId\":\"878766471537373184\",\"op\":\"playerUpdate\"}"}
{"level":20,"time":1699973428579,"pid":2684,"hostname":"DESKTOP-STI39UV","msg":"Node \"Haruka Music\" debug: connection: lavaclient <<< playerUpdate: {\"state\":{\"time\":1699978990464,\"position\":18860,\"connected\":true,\"ping\":163},\"guildId\":\"878766471537373184\",\"op\":\"playerUpdate\"}"}
{"level":20,"time":1699973429589,"pid":2684,"hostname":"DESKTOP-STI39UV","msg":"Node \"Haruka Music\" debug: rest: + GET /loadtracks?identifier=ytsearch%3Arevenge%20the%20fate%20-%20amerta"}
{"level":20,"time":1699973433582,"pid":2684,"hostname":"DESKTOP-STI39UV","msg":"Node \"Haruka Music\" debug: connection: lavaclient <<< playerUpdate: {\"state\":{\"time\":1699978995464,\"position\":23700,\"connected\":true,\"ping\":163},\"guildId\":\"878766471537373184\",\"op\":\"playerUpdate\"}"}
{"level":20,"time":1699973436813,"pid":2684,"hostname":"DESKTOP-STI39UV","msg":"Node \"Haruka Music\" debug: connection: lavaclient >>> play: {\"op\":\"play\",\"track\":\"QAAAmgIAMFJFVkVOR0UgVEhFIEZBVEUgLSBBTUVSVEEgKE9mZmljaWFsIE11c2ljIFZpZGVvKQAQUmV2ZW5nZSBUaGUgRmF0ZQAAAAAABAsoAAt3aUJTaERWRnJJYwABACtodHRwczovL3d3dy55b3V0dWJlLmNvbS93YXRjaD92PXdpQlNoRFZGckljAAd5b3V0dWJlAAAAAAAAAAA=\",\"guildId\":\"878766471537373184\"}"}
{"level":20,"time":1699973437006,"pid":2684,"hostname":"DESKTOP-STI39UV","msg":"Node \"Haruka Music\" debug: connection: lavaclient <<< event: {\"encodedTrack\":\"QAAAjQIAJkp1c3RpbiBCaWViZXIgLSBZdW1teSAoT2ZmaWNpYWwgVmlkZW8pAA1KdXN0aW4gQmllYmVyAAAAAAADhlgACzhFSjN6YktUV1E4AAEAK2h0dHBzOi8vd3d3LnlvdXR1YmUuY29tL3dhdGNoP3Y9OEVKM3piS1RXUTgAB3lvdXR1YmUAAAAAAABp8A==\",\"track\":\"QAAAjQIAJkp1c3RpbiBCaWViZXIgLSBZdW1teSAoT2ZmaWNpYWwgVmlkZW8pAA1KdXN0aW4gQmllYmVyAAAAAAADhlgACzhFSjN6YktUV1E4AAEAK2h0dHBzOi8vd3d3LnlvdXR1YmUuY29tL3dhdGNoP3Y9OEVKM3piS1RXUTgAB3lvdXR1YmUAAAAAAABp8A==\",\"reason\":\"REPLACED\",\"guildId\":\"878766471537373184\",\"op\":\"event\",\"type\":\"TrackEndEvent\"}"}
{"level":20,"time":1699973437015,"pid":2684,"hostname":"DESKTOP-STI39UV","msg":"Node \"Haruka Music\" debug: connection: lavaclient <<< event: {\"encodedTrack\":\"QAAAmgIAMFJFVkVOR0UgVEhFIEZBVEUgLSBBTUVSVEEgKE9mZmljaWFsIE11c2ljIFZpZGVvKQAQUmV2ZW5nZSBUaGUgRmF0ZQAAAAAABAsoAAt3aUJTaERWRnJJYwABACtodHRwczovL3d3dy55b3V0dWJlLmNvbS93YXRjaD92PXdpQlNoRFZGckljAAd5b3V0dWJlAAAAAAAAAAA=\",\"track\":\"QAAAmgIAMFJFVkVOR0UgVEhFIEZBVEUgLSBBTUVSVEEgKE9mZmljaWFsIE11c2ljIFZpZGVvKQAQUmV2ZW5nZSBUaGUgRmF0ZQAAAAAABAsoAAt3aUJTaERWRnJJYwABACtodHRwczovL3d3dy55b3V0dWJlLmNvbS93YXRjaD92PXdpQlNoRFZGckljAAd5b3V0dWJlAAAAAAAAAAA=\",\"guildId\":\"878766471537373184\",\"op\":\"event\",\"type\":\"TrackStartEvent\"}"}
{"level":20,"time":1699973437016,"pid":2684,"hostname":"DESKTOP-STI39UV","msg":"Node \"Haruka Music\" debug: connection: lavaclient <<< playerUpdate: {\"state\":{\"time\":1699978998891,\"position\":0,\"connected\":true,\"ping\":163},\"guildId\":\"878766471537373184\",\"op\":\"playerUpdate\"}"}
{"level":20,"time":1699973437017,"pid":2684,"hostname":"DESKTOP-STI39UV","msg":"Node \"Haruka Music\" debug: connection: lavaclient <<< playerUpdate: {\"state\":{\"time\":1699978998891,\"position\":0,\"connected\":true,\"ping\":163},\"guildId\":\"878766471537373184\",\"op\":\"playerUpdate\"}"}
{"level":20,"time":1699973442337,"pid":2684,"hostname":"DESKTOP-STI39UV","msg":"Node \"Haruka Music\" debug: connection: lavaclient <<< playerUpdate: {\"state\":{\"time\":1699979003891,\"position\":4400,\"connected\":true,\"ping\":164},\"guildId\":\"878766471537373184\",\"op\":\"playerUpdate\"}"}
{"level":20,"time":1699973447017,"pid":2684,"hostname":"DESKTOP-STI39UV","msg":"Node \"Haruka Music\" debug: connection: lavaclient <<< playerUpdate: {\"state\":{\"time\":1699979008890,\"position\":9380,\"connected\":true,\"ping\":164},\"guildId\":\"878766471537373184\",\"op\":\"playerUpdate\"}"}
{"level":20,"time":1699973452003,"pid":2684,"hostname":"DESKTOP-STI39UV","msg":"Node \"Haruka Music\" debug: connection: lavaclient <<< playerUpdate: {\"state\":{\"time\":1699979013891,\"position\":14400,\"connected\":true,\"ping\":163},\"guildId\":\"878766471537373184\",\"op\":\"playerUpdate\"}"}
{"level":20,"time":1699973457003,"pid":2684,"hostname":"DESKTOP-STI39UV","msg":"Node \"Haruka Music\" debug: connection: lavaclient <<< playerUpdate: {\"state\":{\"time\":1699979018890,\"position\":19380,\"connected\":true,\"ping\":163},\"guildId\":\"878766471537373184\",\"op\":\"playerUpdate\"}"}
{"level":20,"time":1699973462062,"pid":2684,"hostname":"DESKTOP-STI39UV","msg":"Node \"Haruka Music\" debug: connection: lavaclient <<< playerUpdate: {\"state\":{\"time\":1699979023891,\"position\":24380,\"connected\":true,\"ping\":163},\"guildId\":\"878766471537373184\",\"op\":\"playerUpdate\"}"}
{"level":20,"time":1699973468711,"pid":2684,"hostname":"DESKTOP-STI39UV","msg":"Node \"Haruka Music\" debug: connection: lavaclient <<< playerUpdate: {\"state\":{\"time\":1699979028891,\"position\":29400,\"connected\":true,\"ping\":164},\"guildId\":\"878766471537373184\",\"op\":\"playerUpdate\"}"}
{"level":20,"time":1699973472499,"pid":2684,"hostname":"DESKTOP-STI39UV","msg":"Node \"Haruka Music\" debug: connection: lavaclient <<< playerUpdate: {\"state\":{\"time\":1699979033891,\"position\":34380,\"connected\":true,\"ping\":164},\"guildId\":\"878766471537373184\",\"op\":\"playerUpdate\"}"}
{"level":20,"time":1699973476860,"pid":2684,"hostname":"DESKTOP-STI39UV","msg":"Node \"Haruka Music\" debug: connection: lavaclient <<< stats: {\"players\":5,\"playingPlayers\":1,\"uptime\":113430668,\"memory\":{\"free\":160137176,\"used\":541360168,\"allocated\":701497344,\"reservable\":7889485824},\"cpu\":{\"cores\":8,\"systemLoad\":0.004618937644341801,\"lavalinkLoad\":0.0045160676934778475},\"op\":\"stats\"}"}
{"level":20,"time":1699973477006,"pid":2684,"hostname":"DESKTOP-STI39UV","msg":"Node \"Haruka Music\" debug: connection: lavaclient <<< playerUpdate: {\"state\":{\"time\":1699979038891,\"position\":39380,\"connected\":true,\"ping\":164},\"guildId\":\"878766471537373184\",\"op\":\"playerUpdate\"}"}
{"level":20,"time":1699973482003,"pid":2684,"hostname":"DESKTOP-STI39UV","msg":"Node \"Haruka Music\" debug: connection: lavaclient <<< playerUpdate: {\"state\":{\"time\":1699979043890,\"position\":44380,\"connected\":true,\"ping\":163},\"guildId\":\"878766471537373184\",\"op\":\"playerUpdate\"}"}
{"level":20,"time":1699973487005,"pid":2684,"hostname":"DESKTOP-STI39UV","msg":"Node \"Haruka Music\" debug: connection: lavaclient <<< playerUpdate: {\"state\":{\"time\":1699979048891,\"position\":49380,\"connected\":true,\"ping\":163},\"guildId\":\"878766471537373184\",\"op\":\"playerUpdate\"}"}
{"level":20,"time":1699973492004,"pid":2684,"hostname":"DESKTOP-STI39UV","msg":"Node \"Haruka Music\" debug: connection: lavaclient <<< playerUpdate: {\"state\":{\"time\":1699979053891,\"position\":54400,\"connected\":true,\"ping\":163},\"guildId\":\"878766471537373184\",\"op\":\"playerUpdate\"}"}
{"level":20,"time":1699973497007,"pid":2684,"hostname":"DESKTOP-STI39UV","msg":"Node \"Haruka Music\" debug: connection: lavaclient <<< playerUpdate: {\"state\":{\"time\":1699979058890,\"position\":59400,\"connected\":true,\"ping\":165},\"guildId\":\"878766471537373184\",\"op\":\"playerUpdate\"}"}
{"level":20,"time":1699973502721,"pid":2684,"hostname":"DESKTOP-STI39UV","msg":"Node \"Haruka Music\" debug: connection: lavaclient <<< playerUpdate: {\"state\":{\"time\":1699979063891,\"position\":64380,\"connected\":true,\"ping\":165},\"guildId\":\"878766471537373184\",\"op\":\"playerUpdate\"}"}
{"level":20,"time":1699973507241,"pid":2684,"hostname":"DESKTOP-STI39UV","msg":"Node \"Haruka Music\" debug: connection: lavaclient <<< playerUpdate: {\"state\":{\"time\":1699979068891,\"position\":69380,\"connected\":true,\"ping\":165},\"guildId\":\"878766471537373184\",\"op\":\"playerUpdate\"}"}
{"level":20,"time":1699973512019,"pid":2684,"hostname":"DESKTOP-STI39UV","msg":"Node \"Haruka Music\" debug: connection: lavaclient <<< playerUpdate: {\"state\":{\"time\":1699979073890,\"position\":74380,\"connected\":true,\"ping\":165},\"guildId\":\"878766471537373184\",\"op\":\"playerUpdate\"}"}
{"level":20,"time":1699973517514,"pid":2684,"hostname":"DESKTOP-STI39UV","msg":"Node \"Haruka Music\" debug: connection: lavaclient <<< playerUpdate: {\"state\":{\"time\":1699979078891,\"position\":79400,\"connected\":true,\"ping\":165},\"guildId\":\"878766471537373184\",\"op\":\"playerUpdate\"}"}
{"level":20,"time":1699973522004,"pid":2684,"hostname":"DESKTOP-STI39UV","msg":"Node \"Haruka Music\" debug: connection: lavaclient <<< playerUpdate: {\"state\":{\"time\":1699979083891,\"position\":84380,\"connected\":true,\"ping\":164},\"guildId\":\"878766471537373184\",\"op\":\"playerUpdate\"}"}
{"level":20,"time":1699973527017,"pid":2684,"hostname":"DESKTOP-STI39UV","msg":"Node \"Haruka Music\" debug: connection: lavaclient <<< playerUpdate: {\"state\":{\"time\":1699979088891,\"position\":89400,\"connected\":true,\"ping\":164},\"guildId\":\"878766471537373184\",\"op\":\"playerUpdate\"}"}
{"level":20,"time":1699973532004,"pid":2684,"hostname":"DESKTOP-STI39UV","msg":"Node \"Haruka Music\" debug: connection: lavaclient <<< playerUpdate: {\"state\":{\"time\":1699979093891,\"position\":94380,\"connected\":true,\"ping\":164},\"guildId\":\"878766471537373184\",\"op\":\"playerUpdate\"}"}
{"level":20,"time":1699973536853,"pid":2684,"hostname":"DESKTOP-STI39UV","msg":"Node \"Haruka Music\" debug: connection: lavaclient <<< stats: {\"frameStats\":{\"sent\":2992,\"nulled\":0,\"deficit\":8},\"players\":5,\"playingPlayers\":1,\"uptime\":113490668,\"memory\":{\"free\":145445544,\"used\":556051800,\"allocated\":701497344,\"reservable\":7889485824},\"cpu\":{\"cores\":8,\"systemLoad\":0.003423566878980892,\"lavalinkLoad\":0.004198884522753201},\"op\":\"stats\"}"}
{"level":20,"time":1699973537028,"pid":2684,"hostname":"DESKTOP-STI39UV","msg":"Node \"Haruka Music\" debug: connection: lavaclient <<< playerUpdate: {\"state\":{\"time\":1699979098891,\"position\":99380,\"connected\":true,\"ping\":162},\"guildId\":\"878766471537373184\",\"op\":\"playerUpdate\"}"}
{"level":20,"time":1699973542007,"pid":2684,"hostname":"DESKTOP-STI39UV","msg":"Node \"Haruka Music\" debug: connection: lavaclient <<< playerUpdate: {\"state\":{\"time\":1699979103891,\"position\":104400,\"connected\":true,\"ping\":162},\"guildId\":\"878766471537373184\",\"op\":\"playerUpdate\"}"}
{"level":20,"time":1699973547002,"pid":2684,"hostname":"DESKTOP-STI39UV","msg":"Node \"Haruka Music\" debug: connection: lavaclient <<< playerUpdate: {\"state\":{\"time\":1699979108891,\"position\":109400,\"connected\":true,\"ping\":162},\"guildId\":\"878766471537373184\",\"op\":\"playerUpdate\"}"}
{"level":20,"time":1699973552008,"pid":2684,"hostname":"DESKTOP-STI39UV","msg":"Node \"Haruka Music\" debug: connection: lavaclient <<< playerUpdate: {\"state\":{\"time\":1699979113891,\"position\":114380,\"connected\":true,\"ping\":161},\"guildId\":\"878766471537373184\",\"op\":\"playerUpdate\"}"}
{"level":20,"time":1699973557010,"pid":2684,"hostname":"DESKTOP-STI39UV","msg":"Node \"Haruka Music\" debug: connection: lavaclient <<< playerUpdate: {\"state\":{\"time\":1699979118891,\"position\":119380,\"connected\":true,\"ping\":161},\"guildId\":\"878766471537373184\",\"op\":\"playerUpdate\"}"}
{"level":20,"time":1699973562017,"pid":2684,"hostname":"DESKTOP-STI39UV","msg":"Node \"Haruka Music\" debug: connection: lavaclient <<< playerUpdate: {\"state\":{\"time\":1699979123891,\"position\":124400,\"connected\":true,\"ping\":164},\"guildId\":\"878766471537373184\",\"op\":\"playerUpdate\"}"}
{"level":20,"time":1699973567005,"pid":2684,"hostname":"DESKTOP-STI39UV","msg":"Node \"Haruka Music\" debug: connection: lavaclient <<< playerUpdate: {\"state\":{\"time\":1699979128891,\"position\":129400,\"connected\":true,\"ping\":164},\"guildId\":\"878766471537373184\",\"op\":\"playerUpdate\"}"}
{"level":20,"time":1699973572009,"pid":2684,"hostname":"DESKTOP-STI39UV","msg":"Node \"Haruka Music\" debug: connection: lavaclient <<< playerUpdate: {\"state\":{\"time\":1699979133891,\"position\":134380,\"connected\":true,\"ping\":164},\"guildId\":\"878766471537373184\",\"op\":\"playerUpdate\"}"}
{"level":20,"time":1699973577007,"pid":2684,"hostname":"DESKTOP-STI39UV","msg":"Node \"Haruka Music\" debug: connection: lavaclient <<< playerUpdate: {\"state\":{\"time\":1699979138891,\"position\":139380,\"connected\":true,\"ping\":162},\"guildId\":\"878766471537373184\",\"op\":\"playerUpdate\"}"}
{"level":20,"time":1699973582696,"pid":2684,"hostname":"DESKTOP-STI39UV","msg":"Node \"Haruka Music\" debug: connection: lavaclient <<< playerUpdate: {\"state\":{\"time\":1699979143891,\"position\":144400,\"connected\":true,\"ping\":162},\"guildId\":\"878766471537373184\",\"op\":\"playerUpdate\"}"}
{"level":20,"time":1699973587010,"pid":2684,"hostname":"DESKTOP-STI39UV","msg":"Node \"Haruka Music\" debug: connection: lavaclient <<< playerUpdate: {\"state\":{\"time\":1699979148891,\"position\":149380,\"connected\":true,\"ping\":162},\"guildId\":\"878766471537373184\",\"op\":\"playerUpdate\"}"}
{"level":20,"time":1699973592005,"pid":2684,"hostname":"DESKTOP-STI39UV","msg":"Node \"Haruka Music\" debug: connection: lavaclient <<< playerUpdate: {\"state\":{\"time\":1699979153891,\"position\":154380,\"connected\":true,\"ping\":161},\"guildId\":\"878766471537373184\",\"op\":\"playerUpdate\"}"}
{"level":20,"time":1699973596847,"pid":2684,"hostname":"DESKTOP-STI39UV","msg":"Node \"Haruka Music\" debug: connection: lavaclient <<< stats: {\"frameStats\":{\"sent\":2999,\"nulled\":0,\"deficit\":1},\"players\":5,\"playingPlayers\":1,\"uptime\":113550668,\"memory\":{\"free\":131212232,\"used\":570285112,\"allocated\":701497344,\"reservable\":7889485824},\"cpu\":{\"cores\":8,\"systemLoad\":0.0038207434529968958,\"lavalinkLoad\":0.003961713995943205},\"op\":\"stats\"}"}
{"level":20,"time":1699973597395,"pid":2684,"hostname":"DESKTOP-STI39UV","msg":"Node \"Haruka Music\" debug: connection: lavaclient <<< playerUpdate: {\"state\":{\"time\":1699979158891,\"position\":159380,\"connected\":true,\"ping\":161},\"guildId\":\"878766471537373184\",\"op\":\"playerUpdate\"}"}
{"level":20,"time":1699973602024,"pid":2684,"hostname":"DESKTOP-STI39UV","msg":"Node \"Haruka Music\" debug: connection: lavaclient <<< playerUpdate: {\"state\":{\"time\":1699979163891,\"position\":164380,\"connected\":true,\"ping\":161},\"guildId\":\"878766471537373184\",\"op\":\"playerUpdate\"}"}
{"level":20,"time":1699973604372,"pid":2684,"hostname":"DESKTOP-STI39UV","msg":"Node \"Haruka Music\" debug: [player 878766471537373184] voice: updating voice status in guild=878766471537373184, channel=1163667727551049788"}
{"level":20,"time":1699973604373,"pid":2684,"hostname":"DESKTOP-STI39UV","msg":"Node \"Haruka Music\" debug: connection: lavaclient >>> destroy: {\"op\":\"destroy\",\"guildId\":\"878766471537373184\"}"}
{"level":20,"time":1699973604564,"pid":2684,"hostname":"DESKTOP-STI39UV","msg":"Node \"Haruka Music\" debug: connection: lavaclient <<< event: {\"encodedTrack\":\"QAAAmgIAMFJFVkVOR0UgVEhFIEZBVEUgLSBBTUVSVEEgKE9mZmljaWFsIE11c2ljIFZpZGVvKQAQUmV2ZW5nZSBUaGUgRmF0ZQAAAAAABAsoAAt3aUJTaERWRnJJYwABACtodHRwczovL3d3dy55b3V0dWJlLmNvbS93YXRjaD92PXdpQlNoRFZGckljAAd5b3V0dWJlAAAAAAACjBw=\",\"track\":\"QAAAmgIAMFJFVkVOR0UgVEhFIEZBVEUgLSBBTUVSVEEgKE9mZmljaWFsIE11c2ljIFZpZGVvKQAQUmV2ZW5nZSBUaGUgRmF0ZQAAAAAABAsoAAt3aUJTaERWRnJJYwABACtodHRwczovL3d3dy55b3V0dWJlLmNvbS93YXRjaD92PXdpQlNoRFZGckljAAd5b3V0dWJlAAAAAAACjBw=\",\"reason\":\"STOPPED\",\"guildId\":\"878766471537373184\",\"op\":\"event\",\"type\":\"TrackEndEvent\"}"}
{"level":20,"time":1699973604571,"pid":2684,"hostname":"DESKTOP-STI39UV","msg":"Node \"Haruka Music\" debug: connection: lavaclient <<< event: {\"code\":1000,\"reason\":\"\",\"byRemote\":false,\"guildId\":\"878766471537373184\",\"op\":\"event\",\"type\":\"WebSocketClosedEvent\"}"}
{"level":20,"time":1699973604571,"pid":2684,"hostname":"DESKTOP-STI39UV","msg":"Node \"Haruka Music\" debug: connection: lavaclient <<< playerUpdate: {\"state\":{\"time\":1699979166453,\"position\":0,\"connected\":false,\"ping\":-1},\"guildId\":\"878766471537373184\",\"op\":\"playerUpdate\"}"}
{"level":20,"time":1699973656851,"pid":2684,"hostname":"DESKTOP-STI39UV","msg":"Node \"Haruka Music\" debug: connection: lavaclient <<< stats: {\"players\":4,\"playingPlayers\":0,\"uptime\":113610668,\"memory\":{\"free\":127023280,\"used\":574474064,\"allocated\":701497344,\"reservable\":7889485824},\"cpu\":{\"cores\":8,\"systemLoad\":0.003494559606067826,\"lavalinkLoad\":0.0020598301432374192},\"op\":\"stats\"}"}
{"level":20,"time":1699973716858,"pid":2684,"hostname":"DESKTOP-STI39UV","msg":"Node \"Haruka Music\" debug: connection: lavaclient <<< stats: {\"players\":4,\"playingPlayers\":0,\"uptime\":113670668,\"memory\":{\"free\":123659752,\"used\":577837592,\"allocated\":701497344,\"reservable\":7889485824},\"cpu\":{\"cores\":8,\"systemLoad\":0.0037351982833982358,\"lavalinkLoad\":0.0023768777334093934},\"op\":\"stats\"}"}
{"level":30,"time":1699973777615,"pid":7928,"hostname":"DESKTOP-STI39UV","msg":"Validating config file and environment variables"}
{"level":30,"time":1699973778023,"pid":7928,"hostname":"DESKTOP-STI39UV","msg":"Loading commands..."}
{"level":20,"time":1699973778722,"pid":7928,"hostname":"DESKTOP-STI39UV","msg":"Skipping slash command avatar. Disabled!"}
{"level":20,"time":1699973778734,"pid":7928,"hostname":"DESKTOP-STI39UV","msg":"Skipping slash command botinvite. Disabled!"}
{"level":20,"time":1699973778858,"pid":7928,"hostname":"DESKTOP-STI39UV","msg":"Skipping slash command botstats. Disabled!"}
{"level":20,"time":1699973778874,"pid":7928,"hostname":"DESKTOP-STI39UV","msg":"Skipping slash command channelinfo. Disabled!"}
{"level":20,"time":1699973778882,"pid":7928,"hostname":"DESKTOP-STI39UV","msg":"Skipping slash command emojiinfo. Disabled!"}
{"level":20,"time":1699973778892,"pid":7928,"hostname":"DESKTOP-STI39UV","msg":"Skipping slash command guildinfo. Disabled!"}
{"level":20,"time":1699973778897,"pid":7928,"hostname":"DESKTOP-STI39UV","msg":"Skipping slash command uptime. Disabled!"}
{"level":20,"time":1699973778906,"pid":7928,"hostname":"DESKTOP-STI39UV","msg":"Skipping slash command userinfo. Disabled!"}
{"level":20,"time":1699973778925,"pid":7928,"hostname":"DESKTOP-STI39UV","msg":"Skipping command bot. Disabled!"}
{"level":20,"time":1699973778933,"pid":7928,"hostname":"DESKTOP-STI39UV","msg":"Skipping command info. Disabled!"}
{"level":20,"time":1699973779018,"pid":7928,"hostname":"DESKTOP-STI39UV","msg":"Skipping slash command deafen. Disabled!"}
{"level":20,"time":1699973779029,"pid":7928,"hostname":"DESKTOP-STI39UV","msg":"Skipping slash command disconnect. Disabled!"}
{"level":20,"time":1699973779039,"pid":7928,"hostname":"DESKTOP-STI39UV","msg":"Skipping slash command move. Disabled!"}
{"level":20,"time":1699973779043,"pid":7928,"hostname":"DESKTOP-STI39UV","msg":"Skipping slash command purge. Disabled!"}
{"level":20,"time":1699973779049,"pid":7928,"hostname":"DESKTOP-STI39UV","msg":"Skipping slash command purgeattach. Disabled!"}
{"level":20,"time":1699973779054,"pid":7928,"hostname":"DESKTOP-STI39UV","msg":"Skipping slash command purgebots. Disabled!"}
{"level":20,"time":1699973779058,"pid":7928,"hostname":"DESKTOP-STI39UV","msg":"Skipping slash command purgelinks. Disabled!"}
{"level":20,"time":1699973779062,"pid":7928,"hostname":"DESKTOP-STI39UV","msg":"Skipping slash command purgetoken. Disabled!"}
{"level":20,"time":1699973779069,"pid":7928,"hostname":"DESKTOP-STI39UV","msg":"Skipping slash command purgeuser. Disabled!"}
{"level":20,"time":1699973779081,"pid":7928,"hostname":"DESKTOP-STI39UV","msg":"Skipping slash command undeafen. Disabled!"}
{"level":20,"time":1699973779092,"pid":7928,"hostname":"DESKTOP-STI39UV","msg":"Skipping slash command vmute. Disabled!"}
{"level":20,"time":1699973779104,"pid":7928,"hostname":"DESKTOP-STI39UV","msg":"Skipping slash command vunmute. Disabled!"}
{"level":20,"time":1699973779116,"pid":7928,"hostname":"DESKTOP-STI39UV","msg":"Skipping command purge. Disabled!"}
{"level":20,"time":1699973779124,"pid":7928,"hostname":"DESKTOP-STI39UV","msg":"Skipping command voice. Disabled!"}
{"level":20,"time":1699973779245,"pid":7928,"hostname":"DESKTOP-STI39UV","msg":"Skipping slash command eval. Disabled!"}
{"level":20,"time":1699973779249,"pid":7928,"hostname":"DESKTOP-STI39UV","msg":"Skipping slash command leaveserver. Disabled!"}
{"level":20,"time":1699973779253,"pid":7928,"hostname":"DESKTOP-STI39UV","msg":"Skipping slash command listservers. Disabled!"}
{"level":20,"time":1699973779258,"pid":7928,"hostname":"DESKTOP-STI39UV","msg":"Skipping slash command restart. Disabled!"}
{"level":30,"time":1699973779363,"pid":7928,"hostname":"DESKTOP-STI39UV","msg":"Loaded 89 commands"}
{"level":30,"time":1699973779363,"pid":7928,"hostname":"DESKTOP-STI39UV","msg":"Loaded 69 slash commands"}
{"level":30,"time":1699973779363,"pid":7928,"hostname":"DESKTOP-STI39UV","msg":"Loading contexts..."}
{"level":30,"time":1699973779375,"pid":7928,"hostname":"DESKTOP-STI39UV","msg":"Loaded 0 USER contexts"}
{"level":30,"time":1699973779376,"pid":7928,"hostname":"DESKTOP-STI39UV","msg":"Loaded 0 MESSAGE contexts"}
{"level":30,"time":1699973779377,"pid":7928,"hostname":"DESKTOP-STI39UV","msg":"Loading events..."}
{"level":30,"time":1699973779630,"pid":7928,"hostname":"DESKTOP-STI39UV","msg":"Loaded 15 events. Success (15) Failed (0)"}
{"level":30,"time":1699973784630,"pid":7928,"hostname":"DESKTOP-STI39UV","msg":"VersionCheck: Your discord bot is up to date"}
{"level":30,"time":1699973784632,"pid":7928,"hostname":"DESKTOP-STI39UV","msg":"Connecting to MongoDb..."}
{"level":30,"time":1699973785554,"pid":7928,"hostname":"DESKTOP-STI39UV","msg":"Mongoose: Database connection established"}
{"level":30,"time":1699973788987,"pid":7928,"hostname":"DESKTOP-STI39UV","msg":"Logged in as Haruka TESTER#6563! (854172168836481084)"}
{"level":20,"time":1699973788989,"pid":7928,"hostname":"DESKTOP-STI39UV","msg":"Node \"Haruka Music\" debug: connection: creating websocket..."}
{"level":30,"time":1699973789089,"pid":7928,"hostname":"DESKTOP-STI39UV","msg":"Music Manager initialized"}
{"level":30,"time":1699973789090,"pid":7928,"hostname":"DESKTOP-STI39UV","msg":"Initializing giveaways manager..."}
{"level":30,"time":1699973789302,"pid":7928,"hostname":"DESKTOP-STI39UV","msg":"Giveaway Manager initialized"}
{"level":30,"time":1699973789642,"pid":7928,"hostname":"DESKTOP-STI39UV","msg":"Node \"Haruka Music\" connected"}
{"level":20,"time":1699973789642,"pid":7928,"hostname":"DESKTOP-STI39UV","msg":"Node \"Haruka Music\" debug: connection: connected in 553ms"}
{"level":20,"time":1699973789643,"pid":7928,"hostname":"DESKTOP-STI39UV","msg":"Node \"Haruka Music\" debug: connection: lavaclient <<< ready: {\"resumed\":false,\"sessionId\":\"alo3p3ylh6vayqgm\",\"op\":\"ready\"}"}
{"level":20,"time":1699973789644,"pid":7928,"hostname":"DESKTOP-STI39UV","msg":"Node \"Haruka Music\" debug: connection: lavaclient <<< stats: {\"players\":4,\"playingPlayers\":0,\"uptime\":113743468,\"memory\":{\"free\":119231144,\"used\":582266200,\"allocated\":701497344,\"reservable\":7889485824},\"cpu\":{\"cores\":8,\"systemLoad\":0.004050405040504051,\"lavalinkLoad\":0.0022461814914645105},\"op\":\"stats\"}"}
{"level":30,"time":1699973790044,"pid":7928,"hostname":"DESKTOP-STI39UV","msg":"Successfully registered interactions"}
{"level":20,"time":1699973849646,"pid":7928,"hostname":"DESKTOP-STI39UV","msg":"Node \"Haruka Music\" debug: connection: lavaclient <<< stats: {\"players\":4,\"playingPlayers\":0,\"uptime\":113803468,\"memory\":{\"free\":115036840,\"used\":586460504,\"allocated\":701497344,\"reservable\":7889485824},\"cpu\":{\"cores\":8,\"systemLoad\":0.004503490204908804,\"lavalinkLoad\":0.002246585190510424},\"op\":\"stats\"}"}
{"level":20,"time":1699973909643,"pid":7928,"hostname":"DESKTOP-STI39UV","msg":"Node \"Haruka Music\" debug: connection: lavaclient <<< stats: {\"players\":4,\"playingPlayers\":0,\"uptime\":113863468,\"memory\":{\"free\":111812176,\"used\":589685168,\"allocated\":701497344,\"reservable\":7889485824},\"cpu\":{\"cores\":8,\"systemLoad\":0.007231638418079096,\"lavalinkLoad\":0.0029205607476635513},\"op\":\"stats\"}"}
{"level":20,"time":1699973969641,"pid":7928,"hostname":"DESKTOP-STI39UV","msg":"Node \"Haruka Music\" debug: connection: lavaclient <<< stats: {\"players\":4,\"playingPlayers\":0,\"uptime\":113923468,\"memory\":{\"free\":108673200,\"used\":592824144,\"allocated\":701497344,\"reservable\":7889485824},\"cpu\":{\"cores\":8,\"systemLoad\":0.006085192697768763,\"lavalinkLoad\":0.0024707996406109615},\"op\":\"stats\"}"}
{"level":20,"time":1699974029667,"pid":7928,"hostname":"DESKTOP-STI39UV","msg":"Node \"Haruka Music\" debug: connection: lavaclient <<< stats: {\"players\":4,\"playingPlayers\":0,\"uptime\":113983467,\"memory\":{\"free\":104016536,\"used\":597480808,\"allocated\":701497344,\"reservable\":7889485824},\"cpu\":{\"cores\":8,\"systemLoad\":0.00450755014649538,\"lavalinkLoad\":0.002695902228612509},\"op\":\"stats\"}"}
{"level":20,"time":1699974089644,"pid":7928,"hostname":"DESKTOP-STI39UV","msg":"Node \"Haruka Music\" debug: connection: lavaclient <<< stats: {\"players\":4,\"playingPlayers\":0,\"uptime\":114043467,\"memory\":{\"free\":101601104,\"used\":599896240,\"allocated\":701497344,\"reservable\":7889485824},\"cpu\":{\"cores\":8,\"systemLoad\":0.0038314176245210726,\"lavalinkLoad\":0.002021926671459382},\"op\":\"stats\"}"}
{"level":20,"time":1699974149646,"pid":7928,"hostname":"DESKTOP-STI39UV","msg":"Node \"Haruka Music\" debug: connection: lavaclient <<< stats: {\"players\":4,\"playingPlayers\":0,\"uptime\":114103468,\"memory\":{\"free\":98033880,\"used\":603463464,\"allocated\":701497344,\"reservable\":7889485824},\"cpu\":{\"cores\":8,\"systemLoad\":0.003156708004509583,\"lavalinkLoad\":0.0024707996406109615},\"op\":\"stats\"}"}
{"level":20,"time":1699974209651,"pid":7928,"hostname":"DESKTOP-STI39UV","msg":"Node \"Haruka Music\" debug: connection: lavaclient <<< stats: {\"players\":4,\"playingPlayers\":0,\"uptime\":114163468,\"memory\":{\"free\":93999768,\"used\":607497576,\"allocated\":701497344,\"reservable\":7889485824},\"cpu\":{\"cores\":8,\"systemLoad\":0.00428217263917061,\"lavalinkLoad\":0.0026954177897574125},\"op\":\"stats\"}"}
{"level":30,"time":1699974259469,"pid":5172,"hostname":"DESKTOP-STI39UV","msg":"Validating config file and environment variables"}
{"level":30,"time":1699974259882,"pid":5172,"hostname":"DESKTOP-STI39UV","msg":"Loading commands..."}
{"level":20,"time":1699974260593,"pid":5172,"hostname":"DESKTOP-STI39UV","msg":"Skipping slash command avatar. Disabled!"}
{"level":20,"time":1699974260603,"pid":5172,"hostname":"DESKTOP-STI39UV","msg":"Skipping slash command botinvite. Disabled!"}
{"level":20,"time":1699974260704,"pid":5172,"hostname":"DESKTOP-STI39UV","msg":"Skipping slash command botstats. Disabled!"}
{"level":20,"time":1699974260735,"pid":5172,"hostname":"DESKTOP-STI39UV","msg":"Skipping slash command channelinfo. Disabled!"}
{"level":20,"time":1699974260754,"pid":5172,"hostname":"DESKTOP-STI39UV","msg":"Skipping slash command emojiinfo. Disabled!"}
{"level":20,"time":1699974260768,"pid":5172,"hostname":"DESKTOP-STI39UV","msg":"Skipping slash command guildinfo. Disabled!"}
{"level":20,"time":1699974260776,"pid":5172,"hostname":"DESKTOP-STI39UV","msg":"Skipping slash command uptime. Disabled!"}
{"level":20,"time":1699974260787,"pid":5172,"hostname":"DESKTOP-STI39UV","msg":"Skipping slash command userinfo. Disabled!"}
{"level":20,"time":1699974260807,"pid":5172,"hostname":"DESKTOP-STI39UV","msg":"Skipping command bot. Disabled!"}
{"level":20,"time":1699974260815,"pid":5172,"hostname":"DESKTOP-STI39UV","msg":"Skipping command info. Disabled!"}
{"level":20,"time":1699974260922,"pid":5172,"hostname":"DESKTOP-STI39UV","msg":"Skipping slash command deafen. Disabled!"}
{"level":20,"time":1699974260941,"pid":5172,"hostname":"DESKTOP-STI39UV","msg":"Skipping slash command disconnect. Disabled!"}
{"level":20,"time":1699974260953,"pid":5172,"hostname":"DESKTOP-STI39UV","msg":"Skipping slash command move. Disabled!"}
{"level":20,"time":1699974260959,"pid":5172,"hostname":"DESKTOP-STI39UV","msg":"Skipping slash command purge. Disabled!"}
{"level":20,"time":1699974260963,"pid":5172,"hostname":"DESKTOP-STI39UV","msg":"Skipping slash command purgeattach. Disabled!"}
{"level":20,"time":1699974260970,"pid":5172,"hostname":"DESKTOP-STI39UV","msg":"Skipping slash command purgebots. Disabled!"}
{"level":20,"time":1699974260976,"pid":5172,"hostname":"DESKTOP-STI39UV","msg":"Skipping slash command purgelinks. Disabled!"}
{"level":20,"time":1699974260981,"pid":5172,"hostname":"DESKTOP-STI39UV","msg":"Skipping slash command purgetoken. Disabled!"}
{"level":20,"time":1699974260986,"pid":5172,"hostname":"DESKTOP-STI39UV","msg":"Skipping slash command purgeuser. Disabled!"}
{"level":20,"time":1699974260998,"pid":5172,"hostname":"DESKTOP-STI39UV","msg":"Skipping slash command undeafen. Disabled!"}
{"level":20,"time":1699974261008,"pid":5172,"hostname":"DESKTOP-STI39UV","msg":"Skipping slash command vmute. Disabled!"}
{"level":20,"time":1699974261024,"pid":5172,"hostname":"DESKTOP-STI39UV","msg":"Skipping slash command vunmute. Disabled!"}
{"level":20,"time":1699974261037,"pid":5172,"hostname":"DESKTOP-STI39UV","msg":"Skipping command purge. Disabled!"}
{"level":20,"time":1699974261047,"pid":5172,"hostname":"DESKTOP-STI39UV","msg":"Skipping command voice. Disabled!"}
{"level":20,"time":1699974261182,"pid":5172,"hostname":"DESKTOP-STI39UV","msg":"Skipping slash command eval. Disabled!"}
{"level":20,"time":1699974261189,"pid":5172,"hostname":"DESKTOP-STI39UV","msg":"Skipping slash command leaveserver. Disabled!"}
{"level":20,"time":1699974261195,"pid":5172,"hostname":"DESKTOP-STI39UV","msg":"Skipping slash command listservers. Disabled!"}
{"level":20,"time":1699974261200,"pid":5172,"hostname":"DESKTOP-STI39UV","msg":"Skipping slash command restart. Disabled!"}
{"level":30,"time":1699974261334,"pid":5172,"hostname":"DESKTOP-STI39UV","msg":"Loaded 89 commands"}
{"level":30,"time":1699974261334,"pid":5172,"hostname":"DESKTOP-STI39UV","msg":"Loaded 69 slash commands"}
{"level":30,"time":1699974261334,"pid":5172,"hostname":"DESKTOP-STI39UV","msg":"Loading contexts..."}
{"level":30,"time":1699974261341,"pid":5172,"hostname":"DESKTOP-STI39UV","msg":"Loaded 0 USER contexts"}
{"level":30,"time":1699974261342,"pid":5172,"hostname":"DESKTOP-STI39UV","msg":"Loaded 0 MESSAGE contexts"}
{"level":30,"time":1699974261343,"pid":5172,"hostname":"DESKTOP-STI39UV","msg":"Loading events..."}
{"level":30,"time":1699974261677,"pid":5172,"hostname":"DESKTOP-STI39UV","msg":"Loaded 15 events. Success (15) Failed (0)"}
{"level":30,"time":1699974263947,"pid":5172,"hostname":"DESKTOP-STI39UV","msg":"VersionCheck: Your discord bot is up to date"}
{"level":30,"time":1699974263951,"pid":5172,"hostname":"DESKTOP-STI39UV","msg":"Connecting to MongoDb..."}
{"level":30,"time":1699974268069,"pid":5172,"hostname":"DESKTOP-STI39UV","msg":"Mongoose: Database connection established"}
{"level":30,"time":1699974270121,"pid":5172,"hostname":"DESKTOP-STI39UV","msg":"Logged in as Haruka TESTER#6563! (854172168836481084)"}
{"level":20,"time":1699974270126,"pid":5172,"hostname":"DESKTOP-STI39UV","msg":"Node \"Haruka Music\" debug: connection: creating websocket..."}
{"level":30,"time":1699974270130,"pid":5172,"hostname":"DESKTOP-STI39UV","msg":"Music Manager initialized"}
{"level":30,"time":1699974270130,"pid":5172,"hostname":"DESKTOP-STI39UV","msg":"Initializing giveaways manager..."}
{"level":30,"time":1699974270227,"pid":5172,"hostname":"DESKTOP-STI39UV","msg":"Giveaway Manager initialized"}
{"level":20,"time":1699974270874,"pid":5172,"hostname":"DESKTOP-STI39UV","msg":"Node \"Haruka Music\" debug: connection: lavaclient <<< ready: {\"resumed\":false,\"sessionId\":\"4w12nnaupvy8j6kf\",\"op\":\"ready\"}"}
{"level":30,"time":1699974270875,"pid":5172,"hostname":"DESKTOP-STI39UV","msg":"Node \"Haruka Music\" connected"}
{"level":20,"time":1699974270875,"pid":5172,"hostname":"DESKTOP-STI39UV","msg":"Node \"Haruka Music\" debug: connection: connected in 745ms"}
{"level":20,"time":1699974270885,"pid":5172,"hostname":"DESKTOP-STI39UV","msg":"Node \"Haruka Music\" debug: connection: lavaclient <<< stats: {\"players\":4,\"playingPlayers\":0,\"uptime\":114224704,\"memory\":{\"free\":90919592,\"used\":610577752,\"allocated\":701497344,\"reservable\":7889485824},\"cpu\":{\"cores\":8,\"systemLoad\":0.004059789629082856,\"lavalinkLoad\":0.002756947507719453},\"op\":\"stats\"}"}
{"level":30,"time":1699974271294,"pid":5172,"hostname":"DESKTOP-STI39UV","msg":"Successfully registered interactions"}
{"level":20,"time":1699974330865,"pid":5172,"hostname":"DESKTOP-STI39UV","msg":"Node \"Haruka Music\" debug: connection: lavaclient <<< stats: {\"players\":4,\"playingPlayers\":0,\"uptime\":114284703,\"memory\":{\"free\":85993720,\"used\":615503624,\"allocated\":701497344,\"reservable\":7889485824},\"cpu\":{\"cores\":8,\"systemLoad\":0.0036886757654002213,\"lavalinkLoad\":0.002573907927636417},\"op\":\"stats\"}"}
{"level":20,"time":1699974390876,"pid":5172,"hostname":"DESKTOP-STI39UV","msg":"Node \"Haruka Music\" debug: connection: lavaclient <<< stats: {\"players\":4,\"playingPlayers\":0,\"uptime\":114344703,\"memory\":{\"free\":82453696,\"used\":619043648,\"allocated\":701497344,\"reservable\":7889485824},\"cpu\":{\"cores\":8,\"systemLoad\":0.003870967741935484,\"lavalinkLoad\":0.0023897058823529414},\"op\":\"stats\"}"}
{"level":20,"time":1699974450918,"pid":5172,"hostname":"DESKTOP-STI39UV","msg":"Node \"Haruka Music\" debug: connection: lavaclient <<< stats: {\"players\":4,\"playingPlayers\":0,\"uptime\":114404703,\"memory\":{\"free\":79453040,\"used\":622044304,\"allocated\":701497344,\"reservable\":7889485824},\"cpu\":{\"cores\":8,\"systemLoad\":0.0035042419771302105,\"lavalinkLoad\":0.0023897058823529414},\"op\":\"stats\"}"}
{"level":20,"time":1699974510869,"pid":5172,"hostname":"DESKTOP-STI39UV","msg":"Node \"Haruka Music\" debug: connection: lavaclient <<< stats: {\"players\":4,\"playingPlayers\":0,\"uptime\":114464703,\"memory\":{\"free\":75059848,\"used\":626437496,\"allocated\":701497344,\"reservable\":7889485824},\"cpu\":{\"cores\":8,\"systemLoad\":0.0035029498525073746,\"lavalinkLoad\":0.002573529411764706},\"op\":\"stats\"}"}
{"level":20,"time":1699974571093,"pid":5172,"hostname":"DESKTOP-STI39UV","msg":"Node \"Haruka Music\" debug: connection: lavaclient <<< stats: {\"players\":4,\"playingPlayers\":0,\"uptime\":114524703,\"memory\":{\"free\":72824392,\"used\":628672952,\"allocated\":701497344,\"reservable\":7889485824},\"cpu\":{\"cores\":8,\"systemLoad\":0.004423963133640553,\"lavalinkLoad\":0.002022058823529412},\"op\":\"stats\"}"}
